<?xml version="1.0" encoding="UTF-8"?>
<!-- Generated by org.testng.reporters.JUnitXMLReporter -->
<testsuite hostname="LAPTOP-H2ILISJ2" name="sathya product test" tests="16" failures="0" timestamp="5 Jan 2020 05:05:30 GMT" time="10.78" errors="0">
  <testcase name="@BeforeMethod setintialization" time="0.0" classname="com.sathya.qa.testcases.HomePageTest">
    <failure type="org.openqa.selenium.SessionNotCreatedException" message="session not created: This version of ChromeDriver only supports Chrome version 77
Build info: version: &amp;apos;3.141.59&amp;apos;, revision: &amp;apos;e82be7d358&amp;apos;, time: &amp;apos;2018-11-14T08:17:03&amp;apos;
System info: host: &amp;apos;LAPTOP-H2ILISJ2&amp;apos;, ip: &amp;apos;192.168.1.5&amp;apos;, os.name: &amp;apos;Windows 10&amp;apos;, os.arch: &amp;apos;amd64&amp;apos;, os.version: &amp;apos;10.0&amp;apos;, java.version: &amp;apos;1.8.0_211&amp;apos;
Driver info: driver.version: ChromeDriver
remote stacktrace: Backtrace:
	Ordinal0 [0x0070EB13+1501971]
	Ordinal0 [0x0068F6D1+980689]
	Ordinal0 [0x0061765F+489055]
	Ordinal0 [0x005AF2F4+62196]
	Ordinal0 [0x005ABCDA+48346]
	Ordinal0 [0x005C9800+169984]
	Ordinal0 [0x005C942D+169005]
	Ordinal0 [0x005C78EB+162027]
	Ordinal0 [0x005B0AC7+68295]
	Ordinal0 [0x005B1B40+72512]
	Ordinal0 [0x005B1AD9+72409]
	Ordinal0 [0x006A8F37+1085239]
	GetHandleVerifier [0x007AD7ED+503293]
	GetHandleVerifier [0x007AD580+502672]
	GetHandleVerifier [0x007B46AC+531644]
	GetHandleVerifier [0x007ADFFA+505354]
	Ordinal0 [0x006A0606+1050118]
	Ordinal0 [0x006A047F+1049727]
	Ordinal0 [0x006AAF9B+1093531]
	Ordinal0 [0x006AB103+1093891]
	Ordinal0 [0x006AA095+1089685]
	BaseThreadInitThunk [0x76C06359+25]
	RtlGetAppContainerNamedObjectPath [0x76F27B74+228]
	RtlGetAppContainerNamedObjectPath [0x76F27B44+180]
">
      <![CDATA[org.openqa.selenium.SessionNotCreatedException: session not created: This version of ChromeDriver only supports Chrome version 77
Build info: version: '3.141.59', revision: 'e82be7d358', time: '2018-11-14T08:17:03'
System info: host: 'LAPTOP-H2ILISJ2', ip: '192.168.1.5', os.name: 'Windows 10', os.arch: 'amd64', os.version: '10.0', java.version: '1.8.0_211'
Driver info: driver.version: ChromeDriver
remote stacktrace: Backtrace:
	Ordinal0 [0x0070EB13+1501971]
	Ordinal0 [0x0068F6D1+980689]
	Ordinal0 [0x0061765F+489055]
	Ordinal0 [0x005AF2F4+62196]
	Ordinal0 [0x005ABCDA+48346]
	Ordinal0 [0x005C9800+169984]
	Ordinal0 [0x005C942D+169005]
	Ordinal0 [0x005C78EB+162027]
	Ordinal0 [0x005B0AC7+68295]
	Ordinal0 [0x005B1B40+72512]
	Ordinal0 [0x005B1AD9+72409]
	Ordinal0 [0x006A8F37+1085239]
	GetHandleVerifier [0x007AD7ED+503293]
	GetHandleVerifier [0x007AD580+502672]
	GetHandleVerifier [0x007B46AC+531644]
	GetHandleVerifier [0x007ADFFA+505354]
	Ordinal0 [0x006A0606+1050118]
	Ordinal0 [0x006A047F+1049727]
	Ordinal0 [0x006AAF9B+1093531]
	Ordinal0 [0x006AB103+1093891]
	Ordinal0 [0x006AA095+1089685]
	BaseThreadInitThunk [0x76C06359+25]
	RtlGetAppContainerNamedObjectPath [0x76F27B74+228]
	RtlGetAppContainerNamedObjectPath [0x76F27B44+180]

	at org.openqa.selenium.remote.W3CHandshakeResponse.lambda$errorHandler$0(W3CHandshakeResponse.java:62)
	at org.openqa.selenium.remote.HandshakeResponse.lambda$getResponseFunction$0(HandshakeResponse.java:30)
	at org.openqa.selenium.remote.ProtocolHandshake.lambda$createSession$0(ProtocolHandshake.java:126)
	at java.util.stream.ReferencePipeline$3$1.accept(ReferencePipeline.java:193)
	at java.util.Spliterators$ArraySpliterator.tryAdvance(Spliterators.java:958)
	at java.util.stream.ReferencePipeline.forEachWithCancel(ReferencePipeline.java:126)
	at java.util.stream.AbstractPipeline.copyIntoWithCancel(AbstractPipeline.java:498)
	at java.util.stream.AbstractPipeline.copyInto(AbstractPipeline.java:485)
	at java.util.stream.AbstractPipeline.wrapAndCopyInto(AbstractPipeline.java:471)
	at java.util.stream.FindOps$FindOp.evaluateSequential(FindOps.java:152)
	at java.util.stream.AbstractPipeline.evaluate(AbstractPipeline.java:234)
	at java.util.stream.ReferencePipeline.findFirst(ReferencePipeline.java:464)
	at org.openqa.selenium.remote.ProtocolHandshake.createSession(ProtocolHandshake.java:128)
	at org.openqa.selenium.remote.ProtocolHandshake.createSession(ProtocolHandshake.java:74)
	at org.openqa.selenium.remote.HttpCommandExecutor.execute(HttpCommandExecutor.java:136)
	at org.openqa.selenium.remote.service.DriverCommandExecutor.execute(DriverCommandExecutor.java:83)
	at org.openqa.selenium.remote.RemoteWebDriver.execute(RemoteWebDriver.java:552)
	at org.openqa.selenium.remote.RemoteWebDriver.startSession(RemoteWebDriver.java:213)
	at org.openqa.selenium.remote.RemoteWebDriver.<init>(RemoteWebDriver.java:131)
	at org.openqa.selenium.chrome.ChromeDriver.<init>(ChromeDriver.java:181)
	at org.openqa.selenium.chrome.ChromeDriver.<init>(ChromeDriver.java:168)
	at org.openqa.selenium.chrome.ChromeDriver.<init>(ChromeDriver.java:123)
	at com.sathya.qa.base.BaseClass.intialization(BaseClass.java:31)
	at com.sathya.qa.testcases.HomePageTest.setintialization(HomePageTest.java:24)
... Removed 30 stack frames]]>
    </failure>
  </testcase> <!-- @BeforeMethod setintialization -->
  <testcase name="@AfterMethod quit" time="0.0" classname="com.sathya.qa.testcases.HomePageTest">
    <skipped/>
  </testcase> <!-- @AfterMethod quit -->
  <testcase name="@BeforeMethod setintialization" time="0.0" classname="com.sathya.qa.testcases.HomePageTest">
    <skipped/>
  </testcase> <!-- @BeforeMethod setintialization -->
  <testcase name="@AfterMethod quit" time="0.0" classname="com.sathya.qa.testcases.HomePageTest">
    <skipped/>
  </testcase> <!-- @AfterMethod quit -->
  <testcase name="@BeforeMethod setintialization" time="0.0" classname="com.sathya.qa.testcases.HomePageTest">
    <skipped/>
  </testcase> <!-- @BeforeMethod setintialization -->
  <testcase name="@AfterMethod quit" time="0.0" classname="com.sathya.qa.testcases.HomePageTest">
    <skipped/>
  </testcase> <!-- @AfterMethod quit -->
  <testcase name="@BeforeMethod setintialization" time="0.0" classname="com.sathya.qa.testcases.LoginpageTest">
    <failure type="org.openqa.selenium.SessionNotCreatedException" message="session not created: This version of ChromeDriver only supports Chrome version 77
Build info: version: &amp;apos;3.141.59&amp;apos;, revision: &amp;apos;e82be7d358&amp;apos;, time: &amp;apos;2018-11-14T08:17:03&amp;apos;
System info: host: &amp;apos;LAPTOP-H2ILISJ2&amp;apos;, ip: &amp;apos;192.168.1.5&amp;apos;, os.name: &amp;apos;Windows 10&amp;apos;, os.arch: &amp;apos;amd64&amp;apos;, os.version: &amp;apos;10.0&amp;apos;, java.version: &amp;apos;1.8.0_211&amp;apos;
Driver info: driver.version: ChromeDriver
remote stacktrace: Backtrace:
	Ordinal0 [0x0070EB13+1501971]
	Ordinal0 [0x0068F6D1+980689]
	Ordinal0 [0x0061765F+489055]
	Ordinal0 [0x005AF2F4+62196]
	Ordinal0 [0x005ABCDA+48346]
	Ordinal0 [0x005C9800+169984]
	Ordinal0 [0x005C942D+169005]
	Ordinal0 [0x005C78EB+162027]
	Ordinal0 [0x005B0AC7+68295]
	Ordinal0 [0x005B1B40+72512]
	Ordinal0 [0x005B1AD9+72409]
	Ordinal0 [0x006A8F37+1085239]
	GetHandleVerifier [0x007AD7ED+503293]
	GetHandleVerifier [0x007AD580+502672]
	GetHandleVerifier [0x007B46AC+531644]
	GetHandleVerifier [0x007ADFFA+505354]
	Ordinal0 [0x006A0606+1050118]
	Ordinal0 [0x006A047F+1049727]
	Ordinal0 [0x006AAF9B+1093531]
	Ordinal0 [0x006AB103+1093891]
	Ordinal0 [0x006AA095+1089685]
	BaseThreadInitThunk [0x76C06359+25]
	RtlGetAppContainerNamedObjectPath [0x76F27B74+228]
	RtlGetAppContainerNamedObjectPath [0x76F27B44+180]
">
      <![CDATA[org.openqa.selenium.SessionNotCreatedException: session not created: This version of ChromeDriver only supports Chrome version 77
Build info: version: '3.141.59', revision: 'e82be7d358', time: '2018-11-14T08:17:03'
System info: host: 'LAPTOP-H2ILISJ2', ip: '192.168.1.5', os.name: 'Windows 10', os.arch: 'amd64', os.version: '10.0', java.version: '1.8.0_211'
Driver info: driver.version: ChromeDriver
remote stacktrace: Backtrace:
	Ordinal0 [0x0070EB13+1501971]
	Ordinal0 [0x0068F6D1+980689]
	Ordinal0 [0x0061765F+489055]
	Ordinal0 [0x005AF2F4+62196]
	Ordinal0 [0x005ABCDA+48346]
	Ordinal0 [0x005C9800+169984]
	Ordinal0 [0x005C942D+169005]
	Ordinal0 [0x005C78EB+162027]
	Ordinal0 [0x005B0AC7+68295]
	Ordinal0 [0x005B1B40+72512]
	Ordinal0 [0x005B1AD9+72409]
	Ordinal0 [0x006A8F37+1085239]
	GetHandleVerifier [0x007AD7ED+503293]
	GetHandleVerifier [0x007AD580+502672]
	GetHandleVerifier [0x007B46AC+531644]
	GetHandleVerifier [0x007ADFFA+505354]
	Ordinal0 [0x006A0606+1050118]
	Ordinal0 [0x006A047F+1049727]
	Ordinal0 [0x006AAF9B+1093531]
	Ordinal0 [0x006AB103+1093891]
	Ordinal0 [0x006AA095+1089685]
	BaseThreadInitThunk [0x76C06359+25]
	RtlGetAppContainerNamedObjectPath [0x76F27B74+228]
	RtlGetAppContainerNamedObjectPath [0x76F27B44+180]

	at org.openqa.selenium.remote.W3CHandshakeResponse.lambda$errorHandler$0(W3CHandshakeResponse.java:62)
	at org.openqa.selenium.remote.HandshakeResponse.lambda$getResponseFunction$0(HandshakeResponse.java:30)
	at org.openqa.selenium.remote.ProtocolHandshake.lambda$createSession$0(ProtocolHandshake.java:126)
	at java.util.stream.ReferencePipeline$3$1.accept(ReferencePipeline.java:193)
	at java.util.Spliterators$ArraySpliterator.tryAdvance(Spliterators.java:958)
	at java.util.stream.ReferencePipeline.forEachWithCancel(ReferencePipeline.java:126)
	at java.util.stream.AbstractPipeline.copyIntoWithCancel(AbstractPipeline.java:498)
	at java.util.stream.AbstractPipeline.copyInto(AbstractPipeline.java:485)
	at java.util.stream.AbstractPipeline.wrapAndCopyInto(AbstractPipeline.java:471)
	at java.util.stream.FindOps$FindOp.evaluateSequential(FindOps.java:152)
	at java.util.stream.AbstractPipeline.evaluate(AbstractPipeline.java:234)
	at java.util.stream.ReferencePipeline.findFirst(ReferencePipeline.java:464)
	at org.openqa.selenium.remote.ProtocolHandshake.createSession(ProtocolHandshake.java:128)
	at org.openqa.selenium.remote.ProtocolHandshake.createSession(ProtocolHandshake.java:74)
	at org.openqa.selenium.remote.HttpCommandExecutor.execute(HttpCommandExecutor.java:136)
	at org.openqa.selenium.remote.service.DriverCommandExecutor.execute(DriverCommandExecutor.java:83)
	at org.openqa.selenium.remote.RemoteWebDriver.execute(RemoteWebDriver.java:552)
	at org.openqa.selenium.remote.RemoteWebDriver.startSession(RemoteWebDriver.java:213)
	at org.openqa.selenium.remote.RemoteWebDriver.<init>(RemoteWebDriver.java:131)
	at org.openqa.selenium.chrome.ChromeDriver.<init>(ChromeDriver.java:181)
	at org.openqa.selenium.chrome.ChromeDriver.<init>(ChromeDriver.java:168)
	at org.openqa.selenium.chrome.ChromeDriver.<init>(ChromeDriver.java:123)
	at com.sathya.qa.base.BaseClass.intialization(BaseClass.java:31)
	at com.sathya.qa.testcases.LoginpageTest.setintialization(LoginpageTest.java:21)
... Removed 30 stack frames]]>
    </failure>
  </testcase> <!-- @BeforeMethod setintialization -->
  <testcase name="@AfterMethod quit" time="0.0" classname="com.sathya.qa.testcases.LoginpageTest">
    <skipped/>
  </testcase> <!-- @AfterMethod quit -->
  <testcase name="@BeforeMethod setintialization" time="0.0" classname="com.sathya.qa.testcases.LoginpageTest">
    <skipped/>
  </testcase> <!-- @BeforeMethod setintialization -->
  <testcase name="@AfterMethod quit" time="0.0" classname="com.sathya.qa.testcases.LoginpageTest">
    <skipped/>
  </testcase> <!-- @AfterMethod quit -->
  <testcase name="@BeforeMethod intial" time="0.0" classname="com.sathya.qa.testcases.HomeAppliancesTest">
    <failure type="org.openqa.selenium.SessionNotCreatedException" message="session not created: This version of ChromeDriver only supports Chrome version 77
Build info: version: &amp;apos;3.141.59&amp;apos;, revision: &amp;apos;e82be7d358&amp;apos;, time: &amp;apos;2018-11-14T08:17:03&amp;apos;
System info: host: &amp;apos;LAPTOP-H2ILISJ2&amp;apos;, ip: &amp;apos;192.168.1.5&amp;apos;, os.name: &amp;apos;Windows 10&amp;apos;, os.arch: &amp;apos;amd64&amp;apos;, os.version: &amp;apos;10.0&amp;apos;, java.version: &amp;apos;1.8.0_211&amp;apos;
Driver info: driver.version: ChromeDriver
remote stacktrace: Backtrace:
	Ordinal0 [0x0070EB13+1501971]
	Ordinal0 [0x0068F6D1+980689]
	Ordinal0 [0x0061765F+489055]
	Ordinal0 [0x005AF2F4+62196]
	Ordinal0 [0x005ABCDA+48346]
	Ordinal0 [0x005C9800+169984]
	Ordinal0 [0x005C942D+169005]
	Ordinal0 [0x005C78EB+162027]
	Ordinal0 [0x005B0AC7+68295]
	Ordinal0 [0x005B1B40+72512]
	Ordinal0 [0x005B1AD9+72409]
	Ordinal0 [0x006A8F37+1085239]
	GetHandleVerifier [0x007AD7ED+503293]
	GetHandleVerifier [0x007AD580+502672]
	GetHandleVerifier [0x007B46AC+531644]
	GetHandleVerifier [0x007ADFFA+505354]
	Ordinal0 [0x006A0606+1050118]
	Ordinal0 [0x006A047F+1049727]
	Ordinal0 [0x006AAF9B+1093531]
	Ordinal0 [0x006AB103+1093891]
	Ordinal0 [0x006AA095+1089685]
	BaseThreadInitThunk [0x76C06359+25]
	RtlGetAppContainerNamedObjectPath [0x76F27B74+228]
	RtlGetAppContainerNamedObjectPath [0x76F27B44+180]
">
      <![CDATA[org.openqa.selenium.SessionNotCreatedException: session not created: This version of ChromeDriver only supports Chrome version 77
Build info: version: '3.141.59', revision: 'e82be7d358', time: '2018-11-14T08:17:03'
System info: host: 'LAPTOP-H2ILISJ2', ip: '192.168.1.5', os.name: 'Windows 10', os.arch: 'amd64', os.version: '10.0', java.version: '1.8.0_211'
Driver info: driver.version: ChromeDriver
remote stacktrace: Backtrace:
	Ordinal0 [0x0070EB13+1501971]
	Ordinal0 [0x0068F6D1+980689]
	Ordinal0 [0x0061765F+489055]
	Ordinal0 [0x005AF2F4+62196]
	Ordinal0 [0x005ABCDA+48346]
	Ordinal0 [0x005C9800+169984]
	Ordinal0 [0x005C942D+169005]
	Ordinal0 [0x005C78EB+162027]
	Ordinal0 [0x005B0AC7+68295]
	Ordinal0 [0x005B1B40+72512]
	Ordinal0 [0x005B1AD9+72409]
	Ordinal0 [0x006A8F37+1085239]
	GetHandleVerifier [0x007AD7ED+503293]
	GetHandleVerifier [0x007AD580+502672]
	GetHandleVerifier [0x007B46AC+531644]
	GetHandleVerifier [0x007ADFFA+505354]
	Ordinal0 [0x006A0606+1050118]
	Ordinal0 [0x006A047F+1049727]
	Ordinal0 [0x006AAF9B+1093531]
	Ordinal0 [0x006AB103+1093891]
	Ordinal0 [0x006AA095+1089685]
	BaseThreadInitThunk [0x76C06359+25]
	RtlGetAppContainerNamedObjectPath [0x76F27B74+228]
	RtlGetAppContainerNamedObjectPath [0x76F27B44+180]

	at org.openqa.selenium.remote.W3CHandshakeResponse.lambda$errorHandler$0(W3CHandshakeResponse.java:62)
	at org.openqa.selenium.remote.HandshakeResponse.lambda$getResponseFunction$0(HandshakeResponse.java:30)
	at org.openqa.selenium.remote.ProtocolHandshake.lambda$createSession$0(ProtocolHandshake.java:126)
	at java.util.stream.ReferencePipeline$3$1.accept(ReferencePipeline.java:193)
	at java.util.Spliterators$ArraySpliterator.tryAdvance(Spliterators.java:958)
	at java.util.stream.ReferencePipeline.forEachWithCancel(ReferencePipeline.java:126)
	at java.util.stream.AbstractPipeline.copyIntoWithCancel(AbstractPipeline.java:498)
	at java.util.stream.AbstractPipeline.copyInto(AbstractPipeline.java:485)
	at java.util.stream.AbstractPipeline.wrapAndCopyInto(AbstractPipeline.java:471)
	at java.util.stream.FindOps$FindOp.evaluateSequential(FindOps.java:152)
	at java.util.stream.AbstractPipeline.evaluate(AbstractPipeline.java:234)
	at java.util.stream.ReferencePipeline.findFirst(ReferencePipeline.java:464)
	at org.openqa.selenium.remote.ProtocolHandshake.createSession(ProtocolHandshake.java:128)
	at org.openqa.selenium.remote.ProtocolHandshake.createSession(ProtocolHandshake.java:74)
	at org.openqa.selenium.remote.HttpCommandExecutor.execute(HttpCommandExecutor.java:136)
	at org.openqa.selenium.remote.service.DriverCommandExecutor.execute(DriverCommandExecutor.java:83)
	at org.openqa.selenium.remote.RemoteWebDriver.execute(RemoteWebDriver.java:552)
	at org.openqa.selenium.remote.RemoteWebDriver.startSession(RemoteWebDriver.java:213)
	at org.openqa.selenium.remote.RemoteWebDriver.<init>(RemoteWebDriver.java:131)
	at org.openqa.selenium.chrome.ChromeDriver.<init>(ChromeDriver.java:181)
	at org.openqa.selenium.chrome.ChromeDriver.<init>(ChromeDriver.java:168)
	at org.openqa.selenium.chrome.ChromeDriver.<init>(ChromeDriver.java:123)
	at com.sathya.qa.base.BaseClass.intialization(BaseClass.java:31)
	at com.sathya.qa.testcases.HomeAppliancesTest.intial(HomeAppliancesTest.java:28)
... Removed 30 stack frames]]>
    </failure>
  </testcase> <!-- @BeforeMethod intial -->
  <testcase name="@AfterMethod quit" time="0.0" classname="com.sathya.qa.testcases.HomeAppliancesTest">
    <skipped/>
  </testcase> <!-- @AfterMethod quit -->
  <testcase name="@BeforeMethod intial" time="0.0" classname="com.sathya.qa.testcases.HomeAppliancesTest">
    <skipped/>
  </testcase> <!-- @BeforeMethod intial -->
  <testcase name="@AfterMethod quit" time="0.0" classname="com.sathya.qa.testcases.HomeAppliancesTest">
    <skipped/>
  </testcase> <!-- @AfterMethod quit -->
  <testcase name="@BeforeMethod intial" time="0.0" classname="com.sathya.qa.testcases.HomeAppliancesTest">
    <skipped/>
  </testcase> <!-- @BeforeMethod intial -->
  <testcase name="@AfterMethod quit" time="0.0" classname="com.sathya.qa.testcases.HomeAppliancesTest">
    <skipped/>
  </testcase> <!-- @AfterMethod quit -->
  <testcase name="@BeforeMethod intil" time="0.0" classname="com.sathya.qa.testcases.AudioVideoTest">
    <failure type="org.openqa.selenium.SessionNotCreatedException" message="session not created: This version of ChromeDriver only supports Chrome version 77
Build info: version: &amp;apos;3.141.59&amp;apos;, revision: &amp;apos;e82be7d358&amp;apos;, time: &amp;apos;2018-11-14T08:17:03&amp;apos;
System info: host: &amp;apos;LAPTOP-H2ILISJ2&amp;apos;, ip: &amp;apos;192.168.1.5&amp;apos;, os.name: &amp;apos;Windows 10&amp;apos;, os.arch: &amp;apos;amd64&amp;apos;, os.version: &amp;apos;10.0&amp;apos;, java.version: &amp;apos;1.8.0_211&amp;apos;
Driver info: driver.version: ChromeDriver
remote stacktrace: Backtrace:
	Ordinal0 [0x0070EB13+1501971]
	Ordinal0 [0x0068F6D1+980689]
	Ordinal0 [0x0061765F+489055]
	Ordinal0 [0x005AF2F4+62196]
	Ordinal0 [0x005ABCDA+48346]
	Ordinal0 [0x005C9800+169984]
	Ordinal0 [0x005C942D+169005]
	Ordinal0 [0x005C78EB+162027]
	Ordinal0 [0x005B0AC7+68295]
	Ordinal0 [0x005B1B40+72512]
	Ordinal0 [0x005B1AD9+72409]
	Ordinal0 [0x006A8F37+1085239]
	GetHandleVerifier [0x007AD7ED+503293]
	GetHandleVerifier [0x007AD580+502672]
	GetHandleVerifier [0x007B46AC+531644]
	GetHandleVerifier [0x007ADFFA+505354]
	Ordinal0 [0x006A0606+1050118]
	Ordinal0 [0x006A047F+1049727]
	Ordinal0 [0x006AAF9B+1093531]
	Ordinal0 [0x006AB103+1093891]
	Ordinal0 [0x006AA095+1089685]
	BaseThreadInitThunk [0x76C06359+25]
	RtlGetAppContainerNamedObjectPath [0x76F27B74+228]
	RtlGetAppContainerNamedObjectPath [0x76F27B44+180]
">
      <![CDATA[org.openqa.selenium.SessionNotCreatedException: session not created: This version of ChromeDriver only supports Chrome version 77
Build info: version: '3.141.59', revision: 'e82be7d358', time: '2018-11-14T08:17:03'
System info: host: 'LAPTOP-H2ILISJ2', ip: '192.168.1.5', os.name: 'Windows 10', os.arch: 'amd64', os.version: '10.0', java.version: '1.8.0_211'
Driver info: driver.version: ChromeDriver
remote stacktrace: Backtrace:
	Ordinal0 [0x0070EB13+1501971]
	Ordinal0 [0x0068F6D1+980689]
	Ordinal0 [0x0061765F+489055]
	Ordinal0 [0x005AF2F4+62196]
	Ordinal0 [0x005ABCDA+48346]
	Ordinal0 [0x005C9800+169984]
	Ordinal0 [0x005C942D+169005]
	Ordinal0 [0x005C78EB+162027]
	Ordinal0 [0x005B0AC7+68295]
	Ordinal0 [0x005B1B40+72512]
	Ordinal0 [0x005B1AD9+72409]
	Ordinal0 [0x006A8F37+1085239]
	GetHandleVerifier [0x007AD7ED+503293]
	GetHandleVerifier [0x007AD580+502672]
	GetHandleVerifier [0x007B46AC+531644]
	GetHandleVerifier [0x007ADFFA+505354]
	Ordinal0 [0x006A0606+1050118]
	Ordinal0 [0x006A047F+1049727]
	Ordinal0 [0x006AAF9B+1093531]
	Ordinal0 [0x006AB103+1093891]
	Ordinal0 [0x006AA095+1089685]
	BaseThreadInitThunk [0x76C06359+25]
	RtlGetAppContainerNamedObjectPath [0x76F27B74+228]
	RtlGetAppContainerNamedObjectPath [0x76F27B44+180]

	at org.openqa.selenium.remote.W3CHandshakeResponse.lambda$errorHandler$0(W3CHandshakeResponse.java:62)
	at org.openqa.selenium.remote.HandshakeResponse.lambda$getResponseFunction$0(HandshakeResponse.java:30)
	at org.openqa.selenium.remote.ProtocolHandshake.lambda$createSession$0(ProtocolHandshake.java:126)
	at java.util.stream.ReferencePipeline$3$1.accept(ReferencePipeline.java:193)
	at java.util.Spliterators$ArraySpliterator.tryAdvance(Spliterators.java:958)
	at java.util.stream.ReferencePipeline.forEachWithCancel(ReferencePipeline.java:126)
	at java.util.stream.AbstractPipeline.copyIntoWithCancel(AbstractPipeline.java:498)
	at java.util.stream.AbstractPipeline.copyInto(AbstractPipeline.java:485)
	at java.util.stream.AbstractPipeline.wrapAndCopyInto(AbstractPipeline.java:471)
	at java.util.stream.FindOps$FindOp.evaluateSequential(FindOps.java:152)
	at java.util.stream.AbstractPipeline.evaluate(AbstractPipeline.java:234)
	at java.util.stream.ReferencePipeline.findFirst(ReferencePipeline.java:464)
	at org.openqa.selenium.remote.ProtocolHandshake.createSession(ProtocolHandshake.java:128)
	at org.openqa.selenium.remote.ProtocolHandshake.createSession(ProtocolHandshake.java:74)
	at org.openqa.selenium.remote.HttpCommandExecutor.execute(HttpCommandExecutor.java:136)
	at org.openqa.selenium.remote.service.DriverCommandExecutor.execute(DriverCommandExecutor.java:83)
	at org.openqa.selenium.remote.RemoteWebDriver.execute(RemoteWebDriver.java:552)
	at org.openqa.selenium.remote.RemoteWebDriver.startSession(RemoteWebDriver.java:213)
	at org.openqa.selenium.remote.RemoteWebDriver.<init>(RemoteWebDriver.java:131)
	at org.openqa.selenium.chrome.ChromeDriver.<init>(ChromeDriver.java:181)
	at org.openqa.selenium.chrome.ChromeDriver.<init>(ChromeDriver.java:168)
	at org.openqa.selenium.chrome.ChromeDriver.<init>(ChromeDriver.java:123)
	at com.sathya.qa.base.BaseClass.intialization(BaseClass.java:31)
	at com.sathya.qa.testcases.AudioVideoTest.intil(AudioVideoTest.java:28)
... Removed 30 stack frames]]>
    </failure>
  </testcase> <!-- @BeforeMethod intil -->
  <testcase name="@AfterMethod quit" time="0.0" classname="com.sathya.qa.testcases.AudioVideoTest">
    <skipped/>
  </testcase> <!-- @AfterMethod quit -->
  <testcase name="@BeforeMethod intil" time="0.0" classname="com.sathya.qa.testcases.AudioVideoTest">
    <skipped/>
  </testcase> <!-- @BeforeMethod intil -->
  <testcase name="@AfterMethod quit" time="0.0" classname="com.sathya.qa.testcases.AudioVideoTest">
    <skipped/>
  </testcase> <!-- @AfterMethod quit -->
  <testcase name="@BeforeMethod intil" time="0.0" classname="com.sathya.qa.testcases.AudioVideoTest">
    <skipped/>
  </testcase> <!-- @BeforeMethod intil -->
  <testcase name="@AfterMethod quit" time="0.0" classname="com.sathya.qa.testcases.AudioVideoTest">
    <skipped/>
  </testcase> <!-- @AfterMethod quit -->
  <testcase name="@BeforeMethod intil" time="0.0" classname="com.sathya.qa.testcases.ProductPageTest">
    <failure type="org.openqa.selenium.SessionNotCreatedException" message="session not created: This version of ChromeDriver only supports Chrome version 77
Build info: version: &amp;apos;3.141.59&amp;apos;, revision: &amp;apos;e82be7d358&amp;apos;, time: &amp;apos;2018-11-14T08:17:03&amp;apos;
System info: host: &amp;apos;LAPTOP-H2ILISJ2&amp;apos;, ip: &amp;apos;192.168.1.5&amp;apos;, os.name: &amp;apos;Windows 10&amp;apos;, os.arch: &amp;apos;amd64&amp;apos;, os.version: &amp;apos;10.0&amp;apos;, java.version: &amp;apos;1.8.0_211&amp;apos;
Driver info: driver.version: ChromeDriver
remote stacktrace: Backtrace:
	Ordinal0 [0x0070EB13+1501971]
	Ordinal0 [0x0068F6D1+980689]
	Ordinal0 [0x0061765F+489055]
	Ordinal0 [0x005AF2F4+62196]
	Ordinal0 [0x005ABCDA+48346]
	Ordinal0 [0x005C9800+169984]
	Ordinal0 [0x005C942D+169005]
	Ordinal0 [0x005C78EB+162027]
	Ordinal0 [0x005B0AC7+68295]
	Ordinal0 [0x005B1B40+72512]
	Ordinal0 [0x005B1AD9+72409]
	Ordinal0 [0x006A8F37+1085239]
	GetHandleVerifier [0x007AD7ED+503293]
	GetHandleVerifier [0x007AD580+502672]
	GetHandleVerifier [0x007B46AC+531644]
	GetHandleVerifier [0x007ADFFA+505354]
	Ordinal0 [0x006A0606+1050118]
	Ordinal0 [0x006A047F+1049727]
	Ordinal0 [0x006AAF9B+1093531]
	Ordinal0 [0x006AB103+1093891]
	Ordinal0 [0x006AA095+1089685]
	BaseThreadInitThunk [0x76C06359+25]
	RtlGetAppContainerNamedObjectPath [0x76F27B74+228]
	RtlGetAppContainerNamedObjectPath [0x76F27B44+180]
">
      <![CDATA[org.openqa.selenium.SessionNotCreatedException: session not created: This version of ChromeDriver only supports Chrome version 77
Build info: version: '3.141.59', revision: 'e82be7d358', time: '2018-11-14T08:17:03'
System info: host: 'LAPTOP-H2ILISJ2', ip: '192.168.1.5', os.name: 'Windows 10', os.arch: 'amd64', os.version: '10.0', java.version: '1.8.0_211'
Driver info: driver.version: ChromeDriver
remote stacktrace: Backtrace:
	Ordinal0 [0x0070EB13+1501971]
	Ordinal0 [0x0068F6D1+980689]
	Ordinal0 [0x0061765F+489055]
	Ordinal0 [0x005AF2F4+62196]
	Ordinal0 [0x005ABCDA+48346]
	Ordinal0 [0x005C9800+169984]
	Ordinal0 [0x005C942D+169005]
	Ordinal0 [0x005C78EB+162027]
	Ordinal0 [0x005B0AC7+68295]
	Ordinal0 [0x005B1B40+72512]
	Ordinal0 [0x005B1AD9+72409]
	Ordinal0 [0x006A8F37+1085239]
	GetHandleVerifier [0x007AD7ED+503293]
	GetHandleVerifier [0x007AD580+502672]
	GetHandleVerifier [0x007B46AC+531644]
	GetHandleVerifier [0x007ADFFA+505354]
	Ordinal0 [0x006A0606+1050118]
	Ordinal0 [0x006A047F+1049727]
	Ordinal0 [0x006AAF9B+1093531]
	Ordinal0 [0x006AB103+1093891]
	Ordinal0 [0x006AA095+1089685]
	BaseThreadInitThunk [0x76C06359+25]
	RtlGetAppContainerNamedObjectPath [0x76F27B74+228]
	RtlGetAppContainerNamedObjectPath [0x76F27B44+180]

	at org.openqa.selenium.remote.W3CHandshakeResponse.lambda$errorHandler$0(W3CHandshakeResponse.java:62)
	at org.openqa.selenium.remote.HandshakeResponse.lambda$getResponseFunction$0(HandshakeResponse.java:30)
	at org.openqa.selenium.remote.ProtocolHandshake.lambda$createSession$0(ProtocolHandshake.java:126)
	at java.util.stream.ReferencePipeline$3$1.accept(ReferencePipeline.java:193)
	at java.util.Spliterators$ArraySpliterator.tryAdvance(Spliterators.java:958)
	at java.util.stream.ReferencePipeline.forEachWithCancel(ReferencePipeline.java:126)
	at java.util.stream.AbstractPipeline.copyIntoWithCancel(AbstractPipeline.java:498)
	at java.util.stream.AbstractPipeline.copyInto(AbstractPipeline.java:485)
	at java.util.stream.AbstractPipeline.wrapAndCopyInto(AbstractPipeline.java:471)
	at java.util.stream.FindOps$FindOp.evaluateSequential(FindOps.java:152)
	at java.util.stream.AbstractPipeline.evaluate(AbstractPipeline.java:234)
	at java.util.stream.ReferencePipeline.findFirst(ReferencePipeline.java:464)
	at org.openqa.selenium.remote.ProtocolHandshake.createSession(ProtocolHandshake.java:128)
	at org.openqa.selenium.remote.ProtocolHandshake.createSession(ProtocolHandshake.java:74)
	at org.openqa.selenium.remote.HttpCommandExecutor.execute(HttpCommandExecutor.java:136)
	at org.openqa.selenium.remote.service.DriverCommandExecutor.execute(DriverCommandExecutor.java:83)
	at org.openqa.selenium.remote.RemoteWebDriver.execute(RemoteWebDriver.java:552)
	at org.openqa.selenium.remote.RemoteWebDriver.startSession(RemoteWebDriver.java:213)
	at org.openqa.selenium.remote.RemoteWebDriver.<init>(RemoteWebDriver.java:131)
	at org.openqa.selenium.chrome.ChromeDriver.<init>(ChromeDriver.java:181)
	at org.openqa.selenium.chrome.ChromeDriver.<init>(ChromeDriver.java:168)
	at org.openqa.selenium.chrome.ChromeDriver.<init>(ChromeDriver.java:123)
	at com.sathya.qa.base.BaseClass.intialization(BaseClass.java:31)
	at com.sathya.qa.testcases.ProductPageTest.intil(ProductPageTest.java:32)
... Removed 30 stack frames]]>
    </failure>
  </testcase> <!-- @BeforeMethod intil -->
  <testcase name="@AfterMethod quit" time="0.0" classname="com.sathya.qa.testcases.ProductPageTest">
    <skipped/>
  </testcase> <!-- @AfterMethod quit -->
  <testcase name="@BeforeMethod intil" time="0.0" classname="com.sathya.qa.testcases.ProductPageTest">
    <skipped/>
  </testcase> <!-- @BeforeMethod intil -->
  <testcase name="@AfterMethod quit" time="0.0" classname="com.sathya.qa.testcases.ProductPageTest">
    <skipped/>
  </testcase> <!-- @AfterMethod quit -->
  <testcase name="@BeforeMethod intil" time="0.0" classname="com.sathya.qa.testcases.ProductPageTest">
    <skipped/>
  </testcase> <!-- @BeforeMethod intil -->
  <testcase name="@AfterMethod quit" time="0.0" classname="com.sathya.qa.testcases.ProductPageTest">
    <skipped/>
  </testcase> <!-- @AfterMethod quit -->
  <testcase name="@BeforeMethod intial" time="0.0" classname="com.sathya.qa.testcases.ProducttoshippingTest">
    <failure type="org.openqa.selenium.SessionNotCreatedException" message="session not created: This version of ChromeDriver only supports Chrome version 77
Build info: version: &amp;apos;3.141.59&amp;apos;, revision: &amp;apos;e82be7d358&amp;apos;, time: &amp;apos;2018-11-14T08:17:03&amp;apos;
System info: host: &amp;apos;LAPTOP-H2ILISJ2&amp;apos;, ip: &amp;apos;192.168.1.5&amp;apos;, os.name: &amp;apos;Windows 10&amp;apos;, os.arch: &amp;apos;amd64&amp;apos;, os.version: &amp;apos;10.0&amp;apos;, java.version: &amp;apos;1.8.0_211&amp;apos;
Driver info: driver.version: ChromeDriver
remote stacktrace: Backtrace:
	Ordinal0 [0x0070EB13+1501971]
	Ordinal0 [0x0068F6D1+980689]
	Ordinal0 [0x0061765F+489055]
	Ordinal0 [0x005AF2F4+62196]
	Ordinal0 [0x005ABCDA+48346]
	Ordinal0 [0x005C9800+169984]
	Ordinal0 [0x005C942D+169005]
	Ordinal0 [0x005C78EB+162027]
	Ordinal0 [0x005B0AC7+68295]
	Ordinal0 [0x005B1B40+72512]
	Ordinal0 [0x005B1AD9+72409]
	Ordinal0 [0x006A8F37+1085239]
	GetHandleVerifier [0x007AD7ED+503293]
	GetHandleVerifier [0x007AD580+502672]
	GetHandleVerifier [0x007B46AC+531644]
	GetHandleVerifier [0x007ADFFA+505354]
	Ordinal0 [0x006A0606+1050118]
	Ordinal0 [0x006A047F+1049727]
	Ordinal0 [0x006AAF9B+1093531]
	Ordinal0 [0x006AB103+1093891]
	Ordinal0 [0x006AA095+1089685]
	BaseThreadInitThunk [0x76C06359+25]
	RtlGetAppContainerNamedObjectPath [0x76F27B74+228]
	RtlGetAppContainerNamedObjectPath [0x76F27B44+180]
">
      <![CDATA[org.openqa.selenium.SessionNotCreatedException: session not created: This version of ChromeDriver only supports Chrome version 77
Build info: version: '3.141.59', revision: 'e82be7d358', time: '2018-11-14T08:17:03'
System info: host: 'LAPTOP-H2ILISJ2', ip: '192.168.1.5', os.name: 'Windows 10', os.arch: 'amd64', os.version: '10.0', java.version: '1.8.0_211'
Driver info: driver.version: ChromeDriver
remote stacktrace: Backtrace:
	Ordinal0 [0x0070EB13+1501971]
	Ordinal0 [0x0068F6D1+980689]
	Ordinal0 [0x0061765F+489055]
	Ordinal0 [0x005AF2F4+62196]
	Ordinal0 [0x005ABCDA+48346]
	Ordinal0 [0x005C9800+169984]
	Ordinal0 [0x005C942D+169005]
	Ordinal0 [0x005C78EB+162027]
	Ordinal0 [0x005B0AC7+68295]
	Ordinal0 [0x005B1B40+72512]
	Ordinal0 [0x005B1AD9+72409]
	Ordinal0 [0x006A8F37+1085239]
	GetHandleVerifier [0x007AD7ED+503293]
	GetHandleVerifier [0x007AD580+502672]
	GetHandleVerifier [0x007B46AC+531644]
	GetHandleVerifier [0x007ADFFA+505354]
	Ordinal0 [0x006A0606+1050118]
	Ordinal0 [0x006A047F+1049727]
	Ordinal0 [0x006AAF9B+1093531]
	Ordinal0 [0x006AB103+1093891]
	Ordinal0 [0x006AA095+1089685]
	BaseThreadInitThunk [0x76C06359+25]
	RtlGetAppContainerNamedObjectPath [0x76F27B74+228]
	RtlGetAppContainerNamedObjectPath [0x76F27B44+180]

	at org.openqa.selenium.remote.W3CHandshakeResponse.lambda$errorHandler$0(W3CHandshakeResponse.java:62)
	at org.openqa.selenium.remote.HandshakeResponse.lambda$getResponseFunction$0(HandshakeResponse.java:30)
	at org.openqa.selenium.remote.ProtocolHandshake.lambda$createSession$0(ProtocolHandshake.java:126)
	at java.util.stream.ReferencePipeline$3$1.accept(ReferencePipeline.java:193)
	at java.util.Spliterators$ArraySpliterator.tryAdvance(Spliterators.java:958)
	at java.util.stream.ReferencePipeline.forEachWithCancel(ReferencePipeline.java:126)
	at java.util.stream.AbstractPipeline.copyIntoWithCancel(AbstractPipeline.java:498)
	at java.util.stream.AbstractPipeline.copyInto(AbstractPipeline.java:485)
	at java.util.stream.AbstractPipeline.wrapAndCopyInto(AbstractPipeline.java:471)
	at java.util.stream.FindOps$FindOp.evaluateSequential(FindOps.java:152)
	at java.util.stream.AbstractPipeline.evaluate(AbstractPipeline.java:234)
	at java.util.stream.ReferencePipeline.findFirst(ReferencePipeline.java:464)
	at org.openqa.selenium.remote.ProtocolHandshake.createSession(ProtocolHandshake.java:128)
	at org.openqa.selenium.remote.ProtocolHandshake.createSession(ProtocolHandshake.java:74)
	at org.openqa.selenium.remote.HttpCommandExecutor.execute(HttpCommandExecutor.java:136)
	at org.openqa.selenium.remote.service.DriverCommandExecutor.execute(DriverCommandExecutor.java:83)
	at org.openqa.selenium.remote.RemoteWebDriver.execute(RemoteWebDriver.java:552)
	at org.openqa.selenium.remote.RemoteWebDriver.startSession(RemoteWebDriver.java:213)
	at org.openqa.selenium.remote.RemoteWebDriver.<init>(RemoteWebDriver.java:131)
	at org.openqa.selenium.chrome.ChromeDriver.<init>(ChromeDriver.java:181)
	at org.openqa.selenium.chrome.ChromeDriver.<init>(ChromeDriver.java:168)
	at org.openqa.selenium.chrome.ChromeDriver.<init>(ChromeDriver.java:123)
	at com.sathya.qa.base.BaseClass.intialization(BaseClass.java:31)
	at com.sathya.qa.testcases.ProducttoshippingTest.intial(ProducttoshippingTest.java:35)
... Removed 30 stack frames]]>
    </failure>
  </testcase> <!-- @BeforeMethod intial -->
  <testcase name="@AfterMethod quit" time="0.0" classname="com.sathya.qa.testcases.ProducttoshippingTest">
    <skipped/>
  </testcase> <!-- @AfterMethod quit -->
  <testcase name="@BeforeMethod intial" time="0.0" classname="com.sathya.qa.testcases.ProducttoshippingTest">
    <skipped/>
  </testcase> <!-- @BeforeMethod intial -->
  <testcase name="@AfterMethod quit" time="0.0" classname="com.sathya.qa.testcases.ProducttoshippingTest">
    <skipped/>
  </testcase> <!-- @AfterMethod quit -->
  <testcase name="logotest" time="0.001" classname="com.sathya.qa.testcases.HomePageTest">
    <skipped/>
  </testcase> <!-- logotest -->
  <testcase name="homepagetitletest" time="0.002" classname="com.sathya.qa.testcases.HomePageTest">
    <skipped/>
  </testcase> <!-- homepagetitletest -->
  <testcase name="home2logintest" time="0.002" classname="com.sathya.qa.testcases.HomePageTest">
    <skipped/>
  </testcase> <!-- home2logintest -->
  <testcase name="login" time="0.0" classname="com.sathya.qa.testcases.LoginpageTest">
    <skipped/>
  </testcase> <!-- login -->
  <testcase name="newregister" time="0.001" classname="com.sathya.qa.testcases.LoginpageTest">
    <skipped/>
  </testcase> <!-- newregister -->
  <testcase name="refrigeratortest" time="0.002" classname="com.sathya.qa.testcases.HomeAppliancesTest">
    <skipped/>
  </testcase> <!-- refrigeratortest -->
  <testcase name="air_Conditionertest" time="0.001" classname="com.sathya.qa.testcases.HomeAppliancesTest">
    <skipped/>
  </testcase> <!-- air_Conditionertest -->
  <testcase name="aircoolertest" time="0.001" classname="com.sathya.qa.testcases.HomeAppliancesTest">
    <skipped/>
  </testcase> <!-- aircoolertest -->
  <testcase name="led" time="0.0" classname="com.sathya.qa.testcases.AudioVideoTest">
    <skipped/>
  </testcase> <!-- led -->
  <testcase name="hometheatre" time="0.001" classname="com.sathya.qa.testcases.AudioVideoTest">
    <skipped/>
  </testcase> <!-- hometheatre -->
  <testcase name="playstation" time="0.001" classname="com.sathya.qa.testcases.AudioVideoTest">
    <skipped/>
  </testcase> <!-- playstation -->
  <testcase name="product1" time="0.001" classname="com.sathya.qa.testcases.ProductPageTest">
    <skipped/>
  </testcase> <!-- product1 -->
  <testcase name="product2" time="0.001" classname="com.sathya.qa.testcases.ProductPageTest">
    <skipped/>
  </testcase> <!-- product2 -->
  <testcase name="product3" time="0.001" classname="com.sathya.qa.testcases.ProductPageTest">
    <skipped/>
  </testcase> <!-- product3 -->
  <testcase name="producttoship1" time="0.061" classname="com.sathya.qa.testcases.ProducttoshippingTest">
    <skipped/>
  </testcase> <!-- producttoship1 -->
  <testcase name="producttoship2" time="0.003" classname="com.sathya.qa.testcases.ProducttoshippingTest">
    <skipped/>
  </testcase> <!-- producttoship2 -->
</testsuite> <!-- sathya product test -->
