<html>
<head>
<title>TestNG:  sathya product test</title>
<link href="../testng.css" rel="stylesheet" type="text/css" />
<link href="../my-testng.css" rel="stylesheet" type="text/css" />

<style type="text/css">
.log { display: none;} 
.stack-trace { display: none;} 
</style>
<script type="text/javascript">
<!--
function flip(e) {
  current = e.style.display;
  if (current == 'block') {
    e.style.display = 'none';
    return 0;
  }
  else {
    e.style.display = 'block';
    return 1;
  }
}

function toggleBox(szDivId, elem, msg1, msg2)
{
  var res = -1;  if (document.getElementById) {
    res = flip(document.getElementById(szDivId));
  }
  else if (document.all) {
    // this is the way old msie versions work
    res = flip(document.all[szDivId]);
  }
  if(elem) {
    if(res == 0) elem.innerHTML = msg1; else elem.innerHTML = msg2;
  }

}

function toggleAllBoxes() {
  if (document.getElementsByTagName) {
    d = document.getElementsByTagName('div');
    for (i = 0; i < d.length; i++) {
      if (d[i].className == 'log') {
        flip(d[i]);
      }
    }
  }
}

// -->
</script>

</head>
<body>
<h2 align='center'>sathya product test</h2><table border='1' align="center">
<tr>
<td>Tests passed/Failed/Skipped:</td><td>0/0/16</td>
</tr><tr>
<td>Started on:</td><td>Sun Jan 05 10:35:19 IST 2020</td>
</tr>
<tr><td>Total time:</td><td>10 seconds (10780 ms)</td>
</tr><tr>
<td>Included groups:</td><td></td>
</tr><tr>
<td>Excluded groups:</td><td></td>
</tr>
</table><p/>
<small><i>(Hover the method name to see the test class name)</i></small><p/>
<table width='100%' border='1' class='invocation-failed'>
<tr><td colspan='4' align='center'><b>FAILED CONFIGURATIONS</b></td></tr>
<tr><td><b>Test method</b></td>
<td width="30%"><b>Exception</b></td>
<td width="10%"><b>Time (seconds)</b></td>
<td><b>Instance</b></td>
</tr>
<tr>
<td title='com.sathya.qa.testcases.HomePageTest.setintialization()'><b>setintialization</b><br>Test class: com.sathya.qa.testcases.HomePageTest</td>
<td><div><pre>org.openqa.selenium.SessionNotCreatedException: session not created: This version of ChromeDriver only supports Chrome version 77
Build info: version: &apos;3.141.59&apos;, revision: &apos;e82be7d358&apos;, time: &apos;2018-11-14T08:17:03&apos;
System info: host: &apos;LAPTOP-H2ILISJ2&apos;, ip: &apos;192.168.1.5&apos;, os.name: &apos;Windows 10&apos;, os.arch: &apos;amd64&apos;, os.version: &apos;10.0&apos;, java.version: &apos;1.8.0_211&apos;
Driver info: driver.version: ChromeDriver
remote stacktrace: Backtrace:
	Ordinal0 [0x0070EB13+1501971]
	Ordinal0 [0x0068F6D1+980689]
	Ordinal0 [0x0061765F+489055]
	Ordinal0 [0x005AF2F4+62196]
	Ordinal0 [0x005ABCDA+48346]
	Ordinal0 [0x005C9800+169984]
	Ordinal0 [0x005C942D+169005]
	Ordinal0 [0x005C78EB+162027]
	Ordinal0 [0x005B0AC7+68295]
	Ordinal0 [0x005B1B40+72512]
	Ordinal0 [0x005B1AD9+72409]
	Ordinal0 [0x006A8F37+1085239]
	GetHandleVerifier [0x007AD7ED+503293]
	GetHandleVerifier [0x007AD580+502672]
	GetHandleVerifier [0x007B46AC+531644]
	GetHandleVerifier [0x007ADFFA+505354]
	Ordinal0 [0x006A0606+1050118]
	Ordinal0 [0x006A047F+1049727]
	Ordinal0 [0x006AAF9B+1093531]
	Ordinal0 [0x006AB103+1093891]
	Ordinal0 [0x006AA095+1089685]
	BaseThreadInitThunk [0x76C06359+25]
	RtlGetAppContainerNamedObjectPath [0x76F27B74+228]
	RtlGetAppContainerNamedObjectPath [0x76F27B44+180]

	at org.openqa.selenium.remote.W3CHandshakeResponse.lambda$errorHandler$0(W3CHandshakeResponse.java:62)
	at org.openqa.selenium.remote.HandshakeResponse.lambda$getResponseFunction$0(HandshakeResponse.java:30)
	at org.openqa.selenium.remote.ProtocolHandshake.lambda$createSession$0(ProtocolHandshake.java:126)
	at java.util.stream.ReferencePipeline$3$1.accept(ReferencePipeline.java:193)
	at java.util.Spliterators$ArraySpliterator.tryAdvance(Spliterators.java:958)
	at java.util.stream.ReferencePipeline.forEachWithCancel(ReferencePipeline.java:126)
	at java.util.stream.AbstractPipeline.copyIntoWithCancel(AbstractPipeline.java:498)
	at java.util.stream.AbstractPipeline.copyInto(AbstractPipeline.java:485)
	at java.util.stream.AbstractPipeline.wrapAndCopyInto(AbstractPipeline.java:471)
	at java.util.stream.FindOps$FindOp.evaluateSequential(FindOps.java:152)
	at java.util.stream.AbstractPipeline.evaluate(AbstractPipeline.java:234)
	at java.util.stream.ReferencePipeline.findFirst(ReferencePipeline.java:464)
	at org.openqa.selenium.remote.ProtocolHandshake.createSession(ProtocolHandshake.java:128)
	at org.openqa.selenium.remote.ProtocolHandshake.createSession(ProtocolHandshake.java:74)
	at org.openqa.selenium.remote.HttpCommandExecutor.execute(HttpCommandExecutor.java:136)
	at org.openqa.selenium.remote.service.DriverCommandExecutor.execute(DriverCommandExecutor.java:83)
	at org.openqa.selenium.remote.RemoteWebDriver.execute(RemoteWebDriver.java:552)
	at org.openqa.selenium.remote.RemoteWebDriver.startSession(RemoteWebDriver.java:213)
	at org.openqa.selenium.remote.RemoteWebDriver.&lt;init&gt;(RemoteWebDriver.java:131)
	at org.openqa.selenium.chrome.ChromeDriver.&lt;init&gt;(ChromeDriver.java:181)
	at org.openqa.selenium.chrome.ChromeDriver.&lt;init&gt;(ChromeDriver.java:168)
	at org.openqa.selenium.chrome.ChromeDriver.&lt;init&gt;(ChromeDriver.java:123)
	at com.sathya.qa.base.BaseClass.intialization(BaseClass.java:31)
	at com.sathya.qa.testcases.HomePageTest.setintialization(HomePageTest.java:24)
... Removed 30 stack frames</pre></div><a href='#' onClick='toggleBox("stack-trace70323523", this, "Click to show all stack frames", "Click to hide stack frames")'>Click to show all stack frames</a>
<div class='stack-trace' id='stack-trace70323523'><pre>org.openqa.selenium.SessionNotCreatedException: session not created: This version of ChromeDriver only supports Chrome version 77
Build info: version: &apos;3.141.59&apos;, revision: &apos;e82be7d358&apos;, time: &apos;2018-11-14T08:17:03&apos;
System info: host: &apos;LAPTOP-H2ILISJ2&apos;, ip: &apos;192.168.1.5&apos;, os.name: &apos;Windows 10&apos;, os.arch: &apos;amd64&apos;, os.version: &apos;10.0&apos;, java.version: &apos;1.8.0_211&apos;
Driver info: driver.version: ChromeDriver
remote stacktrace: Backtrace:
	Ordinal0 [0x0070EB13+1501971]
	Ordinal0 [0x0068F6D1+980689]
	Ordinal0 [0x0061765F+489055]
	Ordinal0 [0x005AF2F4+62196]
	Ordinal0 [0x005ABCDA+48346]
	Ordinal0 [0x005C9800+169984]
	Ordinal0 [0x005C942D+169005]
	Ordinal0 [0x005C78EB+162027]
	Ordinal0 [0x005B0AC7+68295]
	Ordinal0 [0x005B1B40+72512]
	Ordinal0 [0x005B1AD9+72409]
	Ordinal0 [0x006A8F37+1085239]
	GetHandleVerifier [0x007AD7ED+503293]
	GetHandleVerifier [0x007AD580+502672]
	GetHandleVerifier [0x007B46AC+531644]
	GetHandleVerifier [0x007ADFFA+505354]
	Ordinal0 [0x006A0606+1050118]
	Ordinal0 [0x006A047F+1049727]
	Ordinal0 [0x006AAF9B+1093531]
	Ordinal0 [0x006AB103+1093891]
	Ordinal0 [0x006AA095+1089685]
	BaseThreadInitThunk [0x76C06359+25]
	RtlGetAppContainerNamedObjectPath [0x76F27B74+228]
	RtlGetAppContainerNamedObjectPath [0x76F27B44+180]

	at sun.reflect.NativeConstructorAccessorImpl.newInstance0(Native Method)
	at sun.reflect.NativeConstructorAccessorImpl.newInstance(NativeConstructorAccessorImpl.java:62)
	at sun.reflect.DelegatingConstructorAccessorImpl.newInstance(DelegatingConstructorAccessorImpl.java:45)
	at java.lang.reflect.Constructor.newInstance(Constructor.java:423)
	at org.openqa.selenium.remote.W3CHandshakeResponse.lambda$errorHandler$0(W3CHandshakeResponse.java:62)
	at org.openqa.selenium.remote.HandshakeResponse.lambda$getResponseFunction$0(HandshakeResponse.java:30)
	at org.openqa.selenium.remote.ProtocolHandshake.lambda$createSession$0(ProtocolHandshake.java:126)
	at java.util.stream.ReferencePipeline$3$1.accept(ReferencePipeline.java:193)
	at java.util.Spliterators$ArraySpliterator.tryAdvance(Spliterators.java:958)
	at java.util.stream.ReferencePipeline.forEachWithCancel(ReferencePipeline.java:126)
	at java.util.stream.AbstractPipeline.copyIntoWithCancel(AbstractPipeline.java:498)
	at java.util.stream.AbstractPipeline.copyInto(AbstractPipeline.java:485)
	at java.util.stream.AbstractPipeline.wrapAndCopyInto(AbstractPipeline.java:471)
	at java.util.stream.FindOps$FindOp.evaluateSequential(FindOps.java:152)
	at java.util.stream.AbstractPipeline.evaluate(AbstractPipeline.java:234)
	at java.util.stream.ReferencePipeline.findFirst(ReferencePipeline.java:464)
	at org.openqa.selenium.remote.ProtocolHandshake.createSession(ProtocolHandshake.java:128)
	at org.openqa.selenium.remote.ProtocolHandshake.createSession(ProtocolHandshake.java:74)
	at org.openqa.selenium.remote.HttpCommandExecutor.execute(HttpCommandExecutor.java:136)
	at org.openqa.selenium.remote.service.DriverCommandExecutor.execute(DriverCommandExecutor.java:83)
	at org.openqa.selenium.remote.RemoteWebDriver.execute(RemoteWebDriver.java:552)
	at org.openqa.selenium.remote.RemoteWebDriver.startSession(RemoteWebDriver.java:213)
	at org.openqa.selenium.remote.RemoteWebDriver.&lt;init&gt;(RemoteWebDriver.java:131)
	at org.openqa.selenium.chrome.ChromeDriver.&lt;init&gt;(ChromeDriver.java:181)
	at org.openqa.selenium.chrome.ChromeDriver.&lt;init&gt;(ChromeDriver.java:168)
	at org.openqa.selenium.chrome.ChromeDriver.&lt;init&gt;(ChromeDriver.java:123)
	at com.sathya.qa.base.BaseClass.intialization(BaseClass.java:31)
	at com.sathya.qa.testcases.HomePageTest.setintialization(HomePageTest.java:24)
	at sun.reflect.NativeMethodAccessorImpl.invoke0(Native Method)
	at sun.reflect.NativeMethodAccessorImpl.invoke(NativeMethodAccessorImpl.java:62)
	at sun.reflect.DelegatingMethodAccessorImpl.invoke(DelegatingMethodAccessorImpl.java:43)
	at java.lang.reflect.Method.invoke(Method.java:498)
	at org.testng.internal.MethodInvocationHelper.invokeMethod(MethodInvocationHelper.java:80)
	at org.testng.internal.Invoker.invokeConfigurationMethod(Invoker.java:564)
	at org.testng.internal.Invoker.invokeConfigurations(Invoker.java:213)
	at org.testng.internal.Invoker.invokeMethod(Invoker.java:653)
	at org.testng.internal.Invoker.invokeTestMethod(Invoker.java:901)
	at org.testng.internal.Invoker.invokeTestMethods(Invoker.java:1231)
	at org.testng.internal.TestMethodWorker.invokeTestMethods(TestMethodWorker.java:127)
	at org.testng.internal.TestMethodWorker.run(TestMethodWorker.java:111)
	at org.testng.TestRunner.privateRun(TestRunner.java:767)
	at org.testng.TestRunner.run(TestRunner.java:617)
	at org.testng.SuiteRunner.runTest(SuiteRunner.java:334)
	at org.testng.SuiteRunner.runSequentially(SuiteRunner.java:329)
	at org.testng.SuiteRunner.privateRun(SuiteRunner.java:291)
	at org.testng.SuiteRunner.run(SuiteRunner.java:240)
	at org.testng.SuiteRunnerWorker.runSuite(SuiteRunnerWorker.java:52)
	at org.testng.SuiteRunnerWorker.run(SuiteRunnerWorker.java:86)
	at org.testng.TestNG.runSuitesSequentially(TestNG.java:1198)
	at org.testng.TestNG.runSuitesLocally(TestNG.java:1123)
	at org.testng.TestNG.run(TestNG.java:1031)
	at org.testng.remote.AbstractRemoteTestNG.run(AbstractRemoteTestNG.java:115)
	at org.testng.remote.RemoteTestNG.initAndRun(RemoteTestNG.java:251)
	at org.testng.remote.RemoteTestNG.main(RemoteTestNG.java:77)
</pre></div></td>
<td>0</td>
<td>com.sathya.qa.testcases.HomePageTest@14acaea5</td></tr>
<tr>
<td title='com.sathya.qa.testcases.LoginpageTest.setintialization()'><b>setintialization</b><br>Test class: com.sathya.qa.testcases.LoginpageTest</td>
<td><div><pre>org.openqa.selenium.SessionNotCreatedException: session not created: This version of ChromeDriver only supports Chrome version 77
Build info: version: &apos;3.141.59&apos;, revision: &apos;e82be7d358&apos;, time: &apos;2018-11-14T08:17:03&apos;
System info: host: &apos;LAPTOP-H2ILISJ2&apos;, ip: &apos;192.168.1.5&apos;, os.name: &apos;Windows 10&apos;, os.arch: &apos;amd64&apos;, os.version: &apos;10.0&apos;, java.version: &apos;1.8.0_211&apos;
Driver info: driver.version: ChromeDriver
remote stacktrace: Backtrace:
	Ordinal0 [0x0070EB13+1501971]
	Ordinal0 [0x0068F6D1+980689]
	Ordinal0 [0x0061765F+489055]
	Ordinal0 [0x005AF2F4+62196]
	Ordinal0 [0x005ABCDA+48346]
	Ordinal0 [0x005C9800+169984]
	Ordinal0 [0x005C942D+169005]
	Ordinal0 [0x005C78EB+162027]
	Ordinal0 [0x005B0AC7+68295]
	Ordinal0 [0x005B1B40+72512]
	Ordinal0 [0x005B1AD9+72409]
	Ordinal0 [0x006A8F37+1085239]
	GetHandleVerifier [0x007AD7ED+503293]
	GetHandleVerifier [0x007AD580+502672]
	GetHandleVerifier [0x007B46AC+531644]
	GetHandleVerifier [0x007ADFFA+505354]
	Ordinal0 [0x006A0606+1050118]
	Ordinal0 [0x006A047F+1049727]
	Ordinal0 [0x006AAF9B+1093531]
	Ordinal0 [0x006AB103+1093891]
	Ordinal0 [0x006AA095+1089685]
	BaseThreadInitThunk [0x76C06359+25]
	RtlGetAppContainerNamedObjectPath [0x76F27B74+228]
	RtlGetAppContainerNamedObjectPath [0x76F27B44+180]

	at org.openqa.selenium.remote.W3CHandshakeResponse.lambda$errorHandler$0(W3CHandshakeResponse.java:62)
	at org.openqa.selenium.remote.HandshakeResponse.lambda$getResponseFunction$0(HandshakeResponse.java:30)
	at org.openqa.selenium.remote.ProtocolHandshake.lambda$createSession$0(ProtocolHandshake.java:126)
	at java.util.stream.ReferencePipeline$3$1.accept(ReferencePipeline.java:193)
	at java.util.Spliterators$ArraySpliterator.tryAdvance(Spliterators.java:958)
	at java.util.stream.ReferencePipeline.forEachWithCancel(ReferencePipeline.java:126)
	at java.util.stream.AbstractPipeline.copyIntoWithCancel(AbstractPipeline.java:498)
	at java.util.stream.AbstractPipeline.copyInto(AbstractPipeline.java:485)
	at java.util.stream.AbstractPipeline.wrapAndCopyInto(AbstractPipeline.java:471)
	at java.util.stream.FindOps$FindOp.evaluateSequential(FindOps.java:152)
	at java.util.stream.AbstractPipeline.evaluate(AbstractPipeline.java:234)
	at java.util.stream.ReferencePipeline.findFirst(ReferencePipeline.java:464)
	at org.openqa.selenium.remote.ProtocolHandshake.createSession(ProtocolHandshake.java:128)
	at org.openqa.selenium.remote.ProtocolHandshake.createSession(ProtocolHandshake.java:74)
	at org.openqa.selenium.remote.HttpCommandExecutor.execute(HttpCommandExecutor.java:136)
	at org.openqa.selenium.remote.service.DriverCommandExecutor.execute(DriverCommandExecutor.java:83)
	at org.openqa.selenium.remote.RemoteWebDriver.execute(RemoteWebDriver.java:552)
	at org.openqa.selenium.remote.RemoteWebDriver.startSession(RemoteWebDriver.java:213)
	at org.openqa.selenium.remote.RemoteWebDriver.&lt;init&gt;(RemoteWebDriver.java:131)
	at org.openqa.selenium.chrome.ChromeDriver.&lt;init&gt;(ChromeDriver.java:181)
	at org.openqa.selenium.chrome.ChromeDriver.&lt;init&gt;(ChromeDriver.java:168)
	at org.openqa.selenium.chrome.ChromeDriver.&lt;init&gt;(ChromeDriver.java:123)
	at com.sathya.qa.base.BaseClass.intialization(BaseClass.java:31)
	at com.sathya.qa.testcases.LoginpageTest.setintialization(LoginpageTest.java:21)
... Removed 30 stack frames</pre></div><a href='#' onClick='toggleBox("stack-trace1561063579", this, "Click to show all stack frames", "Click to hide stack frames")'>Click to show all stack frames</a>
<div class='stack-trace' id='stack-trace1561063579'><pre>org.openqa.selenium.SessionNotCreatedException: session not created: This version of ChromeDriver only supports Chrome version 77
Build info: version: &apos;3.141.59&apos;, revision: &apos;e82be7d358&apos;, time: &apos;2018-11-14T08:17:03&apos;
System info: host: &apos;LAPTOP-H2ILISJ2&apos;, ip: &apos;192.168.1.5&apos;, os.name: &apos;Windows 10&apos;, os.arch: &apos;amd64&apos;, os.version: &apos;10.0&apos;, java.version: &apos;1.8.0_211&apos;
Driver info: driver.version: ChromeDriver
remote stacktrace: Backtrace:
	Ordinal0 [0x0070EB13+1501971]
	Ordinal0 [0x0068F6D1+980689]
	Ordinal0 [0x0061765F+489055]
	Ordinal0 [0x005AF2F4+62196]
	Ordinal0 [0x005ABCDA+48346]
	Ordinal0 [0x005C9800+169984]
	Ordinal0 [0x005C942D+169005]
	Ordinal0 [0x005C78EB+162027]
	Ordinal0 [0x005B0AC7+68295]
	Ordinal0 [0x005B1B40+72512]
	Ordinal0 [0x005B1AD9+72409]
	Ordinal0 [0x006A8F37+1085239]
	GetHandleVerifier [0x007AD7ED+503293]
	GetHandleVerifier [0x007AD580+502672]
	GetHandleVerifier [0x007B46AC+531644]
	GetHandleVerifier [0x007ADFFA+505354]
	Ordinal0 [0x006A0606+1050118]
	Ordinal0 [0x006A047F+1049727]
	Ordinal0 [0x006AAF9B+1093531]
	Ordinal0 [0x006AB103+1093891]
	Ordinal0 [0x006AA095+1089685]
	BaseThreadInitThunk [0x76C06359+25]
	RtlGetAppContainerNamedObjectPath [0x76F27B74+228]
	RtlGetAppContainerNamedObjectPath [0x76F27B44+180]

	at sun.reflect.NativeConstructorAccessorImpl.newInstance0(Native Method)
	at sun.reflect.NativeConstructorAccessorImpl.newInstance(NativeConstructorAccessorImpl.java:62)
	at sun.reflect.DelegatingConstructorAccessorImpl.newInstance(DelegatingConstructorAccessorImpl.java:45)
	at java.lang.reflect.Constructor.newInstance(Constructor.java:423)
	at org.openqa.selenium.remote.W3CHandshakeResponse.lambda$errorHandler$0(W3CHandshakeResponse.java:62)
	at org.openqa.selenium.remote.HandshakeResponse.lambda$getResponseFunction$0(HandshakeResponse.java:30)
	at org.openqa.selenium.remote.ProtocolHandshake.lambda$createSession$0(ProtocolHandshake.java:126)
	at java.util.stream.ReferencePipeline$3$1.accept(ReferencePipeline.java:193)
	at java.util.Spliterators$ArraySpliterator.tryAdvance(Spliterators.java:958)
	at java.util.stream.ReferencePipeline.forEachWithCancel(ReferencePipeline.java:126)
	at java.util.stream.AbstractPipeline.copyIntoWithCancel(AbstractPipeline.java:498)
	at java.util.stream.AbstractPipeline.copyInto(AbstractPipeline.java:485)
	at java.util.stream.AbstractPipeline.wrapAndCopyInto(AbstractPipeline.java:471)
	at java.util.stream.FindOps$FindOp.evaluateSequential(FindOps.java:152)
	at java.util.stream.AbstractPipeline.evaluate(AbstractPipeline.java:234)
	at java.util.stream.ReferencePipeline.findFirst(ReferencePipeline.java:464)
	at org.openqa.selenium.remote.ProtocolHandshake.createSession(ProtocolHandshake.java:128)
	at org.openqa.selenium.remote.ProtocolHandshake.createSession(ProtocolHandshake.java:74)
	at org.openqa.selenium.remote.HttpCommandExecutor.execute(HttpCommandExecutor.java:136)
	at org.openqa.selenium.remote.service.DriverCommandExecutor.execute(DriverCommandExecutor.java:83)
	at org.openqa.selenium.remote.RemoteWebDriver.execute(RemoteWebDriver.java:552)
	at org.openqa.selenium.remote.RemoteWebDriver.startSession(RemoteWebDriver.java:213)
	at org.openqa.selenium.remote.RemoteWebDriver.&lt;init&gt;(RemoteWebDriver.java:131)
	at org.openqa.selenium.chrome.ChromeDriver.&lt;init&gt;(ChromeDriver.java:181)
	at org.openqa.selenium.chrome.ChromeDriver.&lt;init&gt;(ChromeDriver.java:168)
	at org.openqa.selenium.chrome.ChromeDriver.&lt;init&gt;(ChromeDriver.java:123)
	at com.sathya.qa.base.BaseClass.intialization(BaseClass.java:31)
	at com.sathya.qa.testcases.LoginpageTest.setintialization(LoginpageTest.java:21)
	at sun.reflect.NativeMethodAccessorImpl.invoke0(Native Method)
	at sun.reflect.NativeMethodAccessorImpl.invoke(NativeMethodAccessorImpl.java:62)
	at sun.reflect.DelegatingMethodAccessorImpl.invoke(DelegatingMethodAccessorImpl.java:43)
	at java.lang.reflect.Method.invoke(Method.java:498)
	at org.testng.internal.MethodInvocationHelper.invokeMethod(MethodInvocationHelper.java:80)
	at org.testng.internal.Invoker.invokeConfigurationMethod(Invoker.java:564)
	at org.testng.internal.Invoker.invokeConfigurations(Invoker.java:213)
	at org.testng.internal.Invoker.invokeMethod(Invoker.java:653)
	at org.testng.internal.Invoker.invokeTestMethod(Invoker.java:901)
	at org.testng.internal.Invoker.invokeTestMethods(Invoker.java:1231)
	at org.testng.internal.TestMethodWorker.invokeTestMethods(TestMethodWorker.java:127)
	at org.testng.internal.TestMethodWorker.run(TestMethodWorker.java:111)
	at org.testng.TestRunner.privateRun(TestRunner.java:767)
	at org.testng.TestRunner.run(TestRunner.java:617)
	at org.testng.SuiteRunner.runTest(SuiteRunner.java:334)
	at org.testng.SuiteRunner.runSequentially(SuiteRunner.java:329)
	at org.testng.SuiteRunner.privateRun(SuiteRunner.java:291)
	at org.testng.SuiteRunner.run(SuiteRunner.java:240)
	at org.testng.SuiteRunnerWorker.runSuite(SuiteRunnerWorker.java:52)
	at org.testng.SuiteRunnerWorker.run(SuiteRunnerWorker.java:86)
	at org.testng.TestNG.runSuitesSequentially(TestNG.java:1198)
	at org.testng.TestNG.runSuitesLocally(TestNG.java:1123)
	at org.testng.TestNG.run(TestNG.java:1031)
	at org.testng.remote.AbstractRemoteTestNG.run(AbstractRemoteTestNG.java:115)
	at org.testng.remote.RemoteTestNG.initAndRun(RemoteTestNG.java:251)
	at org.testng.remote.RemoteTestNG.main(RemoteTestNG.java:77)
</pre></div></td>
<td>0</td>
<td>com.sathya.qa.testcases.LoginpageTest@4c70fda8</td></tr>
<tr>
<td title='com.sathya.qa.testcases.HomeAppliancesTest.intial()'><b>intial</b><br>Test class: com.sathya.qa.testcases.HomeAppliancesTest</td>
<td><div><pre>org.openqa.selenium.SessionNotCreatedException: session not created: This version of ChromeDriver only supports Chrome version 77
Build info: version: &apos;3.141.59&apos;, revision: &apos;e82be7d358&apos;, time: &apos;2018-11-14T08:17:03&apos;
System info: host: &apos;LAPTOP-H2ILISJ2&apos;, ip: &apos;192.168.1.5&apos;, os.name: &apos;Windows 10&apos;, os.arch: &apos;amd64&apos;, os.version: &apos;10.0&apos;, java.version: &apos;1.8.0_211&apos;
Driver info: driver.version: ChromeDriver
remote stacktrace: Backtrace:
	Ordinal0 [0x0070EB13+1501971]
	Ordinal0 [0x0068F6D1+980689]
	Ordinal0 [0x0061765F+489055]
	Ordinal0 [0x005AF2F4+62196]
	Ordinal0 [0x005ABCDA+48346]
	Ordinal0 [0x005C9800+169984]
	Ordinal0 [0x005C942D+169005]
	Ordinal0 [0x005C78EB+162027]
	Ordinal0 [0x005B0AC7+68295]
	Ordinal0 [0x005B1B40+72512]
	Ordinal0 [0x005B1AD9+72409]
	Ordinal0 [0x006A8F37+1085239]
	GetHandleVerifier [0x007AD7ED+503293]
	GetHandleVerifier [0x007AD580+502672]
	GetHandleVerifier [0x007B46AC+531644]
	GetHandleVerifier [0x007ADFFA+505354]
	Ordinal0 [0x006A0606+1050118]
	Ordinal0 [0x006A047F+1049727]
	Ordinal0 [0x006AAF9B+1093531]
	Ordinal0 [0x006AB103+1093891]
	Ordinal0 [0x006AA095+1089685]
	BaseThreadInitThunk [0x76C06359+25]
	RtlGetAppContainerNamedObjectPath [0x76F27B74+228]
	RtlGetAppContainerNamedObjectPath [0x76F27B44+180]

	at org.openqa.selenium.remote.W3CHandshakeResponse.lambda$errorHandler$0(W3CHandshakeResponse.java:62)
	at org.openqa.selenium.remote.HandshakeResponse.lambda$getResponseFunction$0(HandshakeResponse.java:30)
	at org.openqa.selenium.remote.ProtocolHandshake.lambda$createSession$0(ProtocolHandshake.java:126)
	at java.util.stream.ReferencePipeline$3$1.accept(ReferencePipeline.java:193)
	at java.util.Spliterators$ArraySpliterator.tryAdvance(Spliterators.java:958)
	at java.util.stream.ReferencePipeline.forEachWithCancel(ReferencePipeline.java:126)
	at java.util.stream.AbstractPipeline.copyIntoWithCancel(AbstractPipeline.java:498)
	at java.util.stream.AbstractPipeline.copyInto(AbstractPipeline.java:485)
	at java.util.stream.AbstractPipeline.wrapAndCopyInto(AbstractPipeline.java:471)
	at java.util.stream.FindOps$FindOp.evaluateSequential(FindOps.java:152)
	at java.util.stream.AbstractPipeline.evaluate(AbstractPipeline.java:234)
	at java.util.stream.ReferencePipeline.findFirst(ReferencePipeline.java:464)
	at org.openqa.selenium.remote.ProtocolHandshake.createSession(ProtocolHandshake.java:128)
	at org.openqa.selenium.remote.ProtocolHandshake.createSession(ProtocolHandshake.java:74)
	at org.openqa.selenium.remote.HttpCommandExecutor.execute(HttpCommandExecutor.java:136)
	at org.openqa.selenium.remote.service.DriverCommandExecutor.execute(DriverCommandExecutor.java:83)
	at org.openqa.selenium.remote.RemoteWebDriver.execute(RemoteWebDriver.java:552)
	at org.openqa.selenium.remote.RemoteWebDriver.startSession(RemoteWebDriver.java:213)
	at org.openqa.selenium.remote.RemoteWebDriver.&lt;init&gt;(RemoteWebDriver.java:131)
	at org.openqa.selenium.chrome.ChromeDriver.&lt;init&gt;(ChromeDriver.java:181)
	at org.openqa.selenium.chrome.ChromeDriver.&lt;init&gt;(ChromeDriver.java:168)
	at org.openqa.selenium.chrome.ChromeDriver.&lt;init&gt;(ChromeDriver.java:123)
	at com.sathya.qa.base.BaseClass.intialization(BaseClass.java:31)
	at com.sathya.qa.testcases.HomeAppliancesTest.intial(HomeAppliancesTest.java:28)
... Removed 30 stack frames</pre></div><a href='#' onClick='toggleBox("stack-trace2061543916", this, "Click to show all stack frames", "Click to hide stack frames")'>Click to show all stack frames</a>
<div class='stack-trace' id='stack-trace2061543916'><pre>org.openqa.selenium.SessionNotCreatedException: session not created: This version of ChromeDriver only supports Chrome version 77
Build info: version: &apos;3.141.59&apos;, revision: &apos;e82be7d358&apos;, time: &apos;2018-11-14T08:17:03&apos;
System info: host: &apos;LAPTOP-H2ILISJ2&apos;, ip: &apos;192.168.1.5&apos;, os.name: &apos;Windows 10&apos;, os.arch: &apos;amd64&apos;, os.version: &apos;10.0&apos;, java.version: &apos;1.8.0_211&apos;
Driver info: driver.version: ChromeDriver
remote stacktrace: Backtrace:
	Ordinal0 [0x0070EB13+1501971]
	Ordinal0 [0x0068F6D1+980689]
	Ordinal0 [0x0061765F+489055]
	Ordinal0 [0x005AF2F4+62196]
	Ordinal0 [0x005ABCDA+48346]
	Ordinal0 [0x005C9800+169984]
	Ordinal0 [0x005C942D+169005]
	Ordinal0 [0x005C78EB+162027]
	Ordinal0 [0x005B0AC7+68295]
	Ordinal0 [0x005B1B40+72512]
	Ordinal0 [0x005B1AD9+72409]
	Ordinal0 [0x006A8F37+1085239]
	GetHandleVerifier [0x007AD7ED+503293]
	GetHandleVerifier [0x007AD580+502672]
	GetHandleVerifier [0x007B46AC+531644]
	GetHandleVerifier [0x007ADFFA+505354]
	Ordinal0 [0x006A0606+1050118]
	Ordinal0 [0x006A047F+1049727]
	Ordinal0 [0x006AAF9B+1093531]
	Ordinal0 [0x006AB103+1093891]
	Ordinal0 [0x006AA095+1089685]
	BaseThreadInitThunk [0x76C06359+25]
	RtlGetAppContainerNamedObjectPath [0x76F27B74+228]
	RtlGetAppContainerNamedObjectPath [0x76F27B44+180]

	at sun.reflect.NativeConstructorAccessorImpl.newInstance0(Native Method)
	at sun.reflect.NativeConstructorAccessorImpl.newInstance(NativeConstructorAccessorImpl.java:62)
	at sun.reflect.DelegatingConstructorAccessorImpl.newInstance(DelegatingConstructorAccessorImpl.java:45)
	at java.lang.reflect.Constructor.newInstance(Constructor.java:423)
	at org.openqa.selenium.remote.W3CHandshakeResponse.lambda$errorHandler$0(W3CHandshakeResponse.java:62)
	at org.openqa.selenium.remote.HandshakeResponse.lambda$getResponseFunction$0(HandshakeResponse.java:30)
	at org.openqa.selenium.remote.ProtocolHandshake.lambda$createSession$0(ProtocolHandshake.java:126)
	at java.util.stream.ReferencePipeline$3$1.accept(ReferencePipeline.java:193)
	at java.util.Spliterators$ArraySpliterator.tryAdvance(Spliterators.java:958)
	at java.util.stream.ReferencePipeline.forEachWithCancel(ReferencePipeline.java:126)
	at java.util.stream.AbstractPipeline.copyIntoWithCancel(AbstractPipeline.java:498)
	at java.util.stream.AbstractPipeline.copyInto(AbstractPipeline.java:485)
	at java.util.stream.AbstractPipeline.wrapAndCopyInto(AbstractPipeline.java:471)
	at java.util.stream.FindOps$FindOp.evaluateSequential(FindOps.java:152)
	at java.util.stream.AbstractPipeline.evaluate(AbstractPipeline.java:234)
	at java.util.stream.ReferencePipeline.findFirst(ReferencePipeline.java:464)
	at org.openqa.selenium.remote.ProtocolHandshake.createSession(ProtocolHandshake.java:128)
	at org.openqa.selenium.remote.ProtocolHandshake.createSession(ProtocolHandshake.java:74)
	at org.openqa.selenium.remote.HttpCommandExecutor.execute(HttpCommandExecutor.java:136)
	at org.openqa.selenium.remote.service.DriverCommandExecutor.execute(DriverCommandExecutor.java:83)
	at org.openqa.selenium.remote.RemoteWebDriver.execute(RemoteWebDriver.java:552)
	at org.openqa.selenium.remote.RemoteWebDriver.startSession(RemoteWebDriver.java:213)
	at org.openqa.selenium.remote.RemoteWebDriver.&lt;init&gt;(RemoteWebDriver.java:131)
	at org.openqa.selenium.chrome.ChromeDriver.&lt;init&gt;(ChromeDriver.java:181)
	at org.openqa.selenium.chrome.ChromeDriver.&lt;init&gt;(ChromeDriver.java:168)
	at org.openqa.selenium.chrome.ChromeDriver.&lt;init&gt;(ChromeDriver.java:123)
	at com.sathya.qa.base.BaseClass.intialization(BaseClass.java:31)
	at com.sathya.qa.testcases.HomeAppliancesTest.intial(HomeAppliancesTest.java:28)
	at sun.reflect.NativeMethodAccessorImpl.invoke0(Native Method)
	at sun.reflect.NativeMethodAccessorImpl.invoke(NativeMethodAccessorImpl.java:62)
	at sun.reflect.DelegatingMethodAccessorImpl.invoke(DelegatingMethodAccessorImpl.java:43)
	at java.lang.reflect.Method.invoke(Method.java:498)
	at org.testng.internal.MethodInvocationHelper.invokeMethod(MethodInvocationHelper.java:80)
	at org.testng.internal.Invoker.invokeConfigurationMethod(Invoker.java:564)
	at org.testng.internal.Invoker.invokeConfigurations(Invoker.java:213)
	at org.testng.internal.Invoker.invokeMethod(Invoker.java:653)
	at org.testng.internal.Invoker.invokeTestMethod(Invoker.java:901)
	at org.testng.internal.Invoker.invokeTestMethods(Invoker.java:1231)
	at org.testng.internal.TestMethodWorker.invokeTestMethods(TestMethodWorker.java:127)
	at org.testng.internal.TestMethodWorker.run(TestMethodWorker.java:111)
	at org.testng.TestRunner.privateRun(TestRunner.java:767)
	at org.testng.TestRunner.run(TestRunner.java:617)
	at org.testng.SuiteRunner.runTest(SuiteRunner.java:334)
	at org.testng.SuiteRunner.runSequentially(SuiteRunner.java:329)
	at org.testng.SuiteRunner.privateRun(SuiteRunner.java:291)
	at org.testng.SuiteRunner.run(SuiteRunner.java:240)
	at org.testng.SuiteRunnerWorker.runSuite(SuiteRunnerWorker.java:52)
	at org.testng.SuiteRunnerWorker.run(SuiteRunnerWorker.java:86)
	at org.testng.TestNG.runSuitesSequentially(TestNG.java:1198)
	at org.testng.TestNG.runSuitesLocally(TestNG.java:1123)
	at org.testng.TestNG.run(TestNG.java:1031)
	at org.testng.remote.AbstractRemoteTestNG.run(AbstractRemoteTestNG.java:115)
	at org.testng.remote.RemoteTestNG.initAndRun(RemoteTestNG.java:251)
	at org.testng.remote.RemoteTestNG.main(RemoteTestNG.java:77)
</pre></div></td>
<td>0</td>
<td>com.sathya.qa.testcases.HomeAppliancesTest@1d057a39</td></tr>
<tr>
<td title='com.sathya.qa.testcases.AudioVideoTest.intil()'><b>intil</b><br>Test class: com.sathya.qa.testcases.AudioVideoTest</td>
<td><div><pre>org.openqa.selenium.SessionNotCreatedException: session not created: This version of ChromeDriver only supports Chrome version 77
Build info: version: &apos;3.141.59&apos;, revision: &apos;e82be7d358&apos;, time: &apos;2018-11-14T08:17:03&apos;
System info: host: &apos;LAPTOP-H2ILISJ2&apos;, ip: &apos;192.168.1.5&apos;, os.name: &apos;Windows 10&apos;, os.arch: &apos;amd64&apos;, os.version: &apos;10.0&apos;, java.version: &apos;1.8.0_211&apos;
Driver info: driver.version: ChromeDriver
remote stacktrace: Backtrace:
	Ordinal0 [0x0070EB13+1501971]
	Ordinal0 [0x0068F6D1+980689]
	Ordinal0 [0x0061765F+489055]
	Ordinal0 [0x005AF2F4+62196]
	Ordinal0 [0x005ABCDA+48346]
	Ordinal0 [0x005C9800+169984]
	Ordinal0 [0x005C942D+169005]
	Ordinal0 [0x005C78EB+162027]
	Ordinal0 [0x005B0AC7+68295]
	Ordinal0 [0x005B1B40+72512]
	Ordinal0 [0x005B1AD9+72409]
	Ordinal0 [0x006A8F37+1085239]
	GetHandleVerifier [0x007AD7ED+503293]
	GetHandleVerifier [0x007AD580+502672]
	GetHandleVerifier [0x007B46AC+531644]
	GetHandleVerifier [0x007ADFFA+505354]
	Ordinal0 [0x006A0606+1050118]
	Ordinal0 [0x006A047F+1049727]
	Ordinal0 [0x006AAF9B+1093531]
	Ordinal0 [0x006AB103+1093891]
	Ordinal0 [0x006AA095+1089685]
	BaseThreadInitThunk [0x76C06359+25]
	RtlGetAppContainerNamedObjectPath [0x76F27B74+228]
	RtlGetAppContainerNamedObjectPath [0x76F27B44+180]

	at org.openqa.selenium.remote.W3CHandshakeResponse.lambda$errorHandler$0(W3CHandshakeResponse.java:62)
	at org.openqa.selenium.remote.HandshakeResponse.lambda$getResponseFunction$0(HandshakeResponse.java:30)
	at org.openqa.selenium.remote.ProtocolHandshake.lambda$createSession$0(ProtocolHandshake.java:126)
	at java.util.stream.ReferencePipeline$3$1.accept(ReferencePipeline.java:193)
	at java.util.Spliterators$ArraySpliterator.tryAdvance(Spliterators.java:958)
	at java.util.stream.ReferencePipeline.forEachWithCancel(ReferencePipeline.java:126)
	at java.util.stream.AbstractPipeline.copyIntoWithCancel(AbstractPipeline.java:498)
	at java.util.stream.AbstractPipeline.copyInto(AbstractPipeline.java:485)
	at java.util.stream.AbstractPipeline.wrapAndCopyInto(AbstractPipeline.java:471)
	at java.util.stream.FindOps$FindOp.evaluateSequential(FindOps.java:152)
	at java.util.stream.AbstractPipeline.evaluate(AbstractPipeline.java:234)
	at java.util.stream.ReferencePipeline.findFirst(ReferencePipeline.java:464)
	at org.openqa.selenium.remote.ProtocolHandshake.createSession(ProtocolHandshake.java:128)
	at org.openqa.selenium.remote.ProtocolHandshake.createSession(ProtocolHandshake.java:74)
	at org.openqa.selenium.remote.HttpCommandExecutor.execute(HttpCommandExecutor.java:136)
	at org.openqa.selenium.remote.service.DriverCommandExecutor.execute(DriverCommandExecutor.java:83)
	at org.openqa.selenium.remote.RemoteWebDriver.execute(RemoteWebDriver.java:552)
	at org.openqa.selenium.remote.RemoteWebDriver.startSession(RemoteWebDriver.java:213)
	at org.openqa.selenium.remote.RemoteWebDriver.&lt;init&gt;(RemoteWebDriver.java:131)
	at org.openqa.selenium.chrome.ChromeDriver.&lt;init&gt;(ChromeDriver.java:181)
	at org.openqa.selenium.chrome.ChromeDriver.&lt;init&gt;(ChromeDriver.java:168)
	at org.openqa.selenium.chrome.ChromeDriver.&lt;init&gt;(ChromeDriver.java:123)
	at com.sathya.qa.base.BaseClass.intialization(BaseClass.java:31)
	at com.sathya.qa.testcases.AudioVideoTest.intil(AudioVideoTest.java:28)
... Removed 30 stack frames</pre></div><a href='#' onClick='toggleBox("stack-trace947553027", this, "Click to show all stack frames", "Click to hide stack frames")'>Click to show all stack frames</a>
<div class='stack-trace' id='stack-trace947553027'><pre>org.openqa.selenium.SessionNotCreatedException: session not created: This version of ChromeDriver only supports Chrome version 77
Build info: version: &apos;3.141.59&apos;, revision: &apos;e82be7d358&apos;, time: &apos;2018-11-14T08:17:03&apos;
System info: host: &apos;LAPTOP-H2ILISJ2&apos;, ip: &apos;192.168.1.5&apos;, os.name: &apos;Windows 10&apos;, os.arch: &apos;amd64&apos;, os.version: &apos;10.0&apos;, java.version: &apos;1.8.0_211&apos;
Driver info: driver.version: ChromeDriver
remote stacktrace: Backtrace:
	Ordinal0 [0x0070EB13+1501971]
	Ordinal0 [0x0068F6D1+980689]
	Ordinal0 [0x0061765F+489055]
	Ordinal0 [0x005AF2F4+62196]
	Ordinal0 [0x005ABCDA+48346]
	Ordinal0 [0x005C9800+169984]
	Ordinal0 [0x005C942D+169005]
	Ordinal0 [0x005C78EB+162027]
	Ordinal0 [0x005B0AC7+68295]
	Ordinal0 [0x005B1B40+72512]
	Ordinal0 [0x005B1AD9+72409]
	Ordinal0 [0x006A8F37+1085239]
	GetHandleVerifier [0x007AD7ED+503293]
	GetHandleVerifier [0x007AD580+502672]
	GetHandleVerifier [0x007B46AC+531644]
	GetHandleVerifier [0x007ADFFA+505354]
	Ordinal0 [0x006A0606+1050118]
	Ordinal0 [0x006A047F+1049727]
	Ordinal0 [0x006AAF9B+1093531]
	Ordinal0 [0x006AB103+1093891]
	Ordinal0 [0x006AA095+1089685]
	BaseThreadInitThunk [0x76C06359+25]
	RtlGetAppContainerNamedObjectPath [0x76F27B74+228]
	RtlGetAppContainerNamedObjectPath [0x76F27B44+180]

	at sun.reflect.NativeConstructorAccessorImpl.newInstance0(Native Method)
	at sun.reflect.NativeConstructorAccessorImpl.newInstance(NativeConstructorAccessorImpl.java:62)
	at sun.reflect.DelegatingConstructorAccessorImpl.newInstance(DelegatingConstructorAccessorImpl.java:45)
	at java.lang.reflect.Constructor.newInstance(Constructor.java:423)
	at org.openqa.selenium.remote.W3CHandshakeResponse.lambda$errorHandler$0(W3CHandshakeResponse.java:62)
	at org.openqa.selenium.remote.HandshakeResponse.lambda$getResponseFunction$0(HandshakeResponse.java:30)
	at org.openqa.selenium.remote.ProtocolHandshake.lambda$createSession$0(ProtocolHandshake.java:126)
	at java.util.stream.ReferencePipeline$3$1.accept(ReferencePipeline.java:193)
	at java.util.Spliterators$ArraySpliterator.tryAdvance(Spliterators.java:958)
	at java.util.stream.ReferencePipeline.forEachWithCancel(ReferencePipeline.java:126)
	at java.util.stream.AbstractPipeline.copyIntoWithCancel(AbstractPipeline.java:498)
	at java.util.stream.AbstractPipeline.copyInto(AbstractPipeline.java:485)
	at java.util.stream.AbstractPipeline.wrapAndCopyInto(AbstractPipeline.java:471)
	at java.util.stream.FindOps$FindOp.evaluateSequential(FindOps.java:152)
	at java.util.stream.AbstractPipeline.evaluate(AbstractPipeline.java:234)
	at java.util.stream.ReferencePipeline.findFirst(ReferencePipeline.java:464)
	at org.openqa.selenium.remote.ProtocolHandshake.createSession(ProtocolHandshake.java:128)
	at org.openqa.selenium.remote.ProtocolHandshake.createSession(ProtocolHandshake.java:74)
	at org.openqa.selenium.remote.HttpCommandExecutor.execute(HttpCommandExecutor.java:136)
	at org.openqa.selenium.remote.service.DriverCommandExecutor.execute(DriverCommandExecutor.java:83)
	at org.openqa.selenium.remote.RemoteWebDriver.execute(RemoteWebDriver.java:552)
	at org.openqa.selenium.remote.RemoteWebDriver.startSession(RemoteWebDriver.java:213)
	at org.openqa.selenium.remote.RemoteWebDriver.&lt;init&gt;(RemoteWebDriver.java:131)
	at org.openqa.selenium.chrome.ChromeDriver.&lt;init&gt;(ChromeDriver.java:181)
	at org.openqa.selenium.chrome.ChromeDriver.&lt;init&gt;(ChromeDriver.java:168)
	at org.openqa.selenium.chrome.ChromeDriver.&lt;init&gt;(ChromeDriver.java:123)
	at com.sathya.qa.base.BaseClass.intialization(BaseClass.java:31)
	at com.sathya.qa.testcases.AudioVideoTest.intil(AudioVideoTest.java:28)
	at sun.reflect.NativeMethodAccessorImpl.invoke0(Native Method)
	at sun.reflect.NativeMethodAccessorImpl.invoke(NativeMethodAccessorImpl.java:62)
	at sun.reflect.DelegatingMethodAccessorImpl.invoke(DelegatingMethodAccessorImpl.java:43)
	at java.lang.reflect.Method.invoke(Method.java:498)
	at org.testng.internal.MethodInvocationHelper.invokeMethod(MethodInvocationHelper.java:80)
	at org.testng.internal.Invoker.invokeConfigurationMethod(Invoker.java:564)
	at org.testng.internal.Invoker.invokeConfigurations(Invoker.java:213)
	at org.testng.internal.Invoker.invokeMethod(Invoker.java:653)
	at org.testng.internal.Invoker.invokeTestMethod(Invoker.java:901)
	at org.testng.internal.Invoker.invokeTestMethods(Invoker.java:1231)
	at org.testng.internal.TestMethodWorker.invokeTestMethods(TestMethodWorker.java:127)
	at org.testng.internal.TestMethodWorker.run(TestMethodWorker.java:111)
	at org.testng.TestRunner.privateRun(TestRunner.java:767)
	at org.testng.TestRunner.run(TestRunner.java:617)
	at org.testng.SuiteRunner.runTest(SuiteRunner.java:334)
	at org.testng.SuiteRunner.runSequentially(SuiteRunner.java:329)
	at org.testng.SuiteRunner.privateRun(SuiteRunner.java:291)
	at org.testng.SuiteRunner.run(SuiteRunner.java:240)
	at org.testng.SuiteRunnerWorker.runSuite(SuiteRunnerWorker.java:52)
	at org.testng.SuiteRunnerWorker.run(SuiteRunnerWorker.java:86)
	at org.testng.TestNG.runSuitesSequentially(TestNG.java:1198)
	at org.testng.TestNG.runSuitesLocally(TestNG.java:1123)
	at org.testng.TestNG.run(TestNG.java:1031)
	at org.testng.remote.AbstractRemoteTestNG.run(AbstractRemoteTestNG.java:115)
	at org.testng.remote.RemoteTestNG.initAndRun(RemoteTestNG.java:251)
	at org.testng.remote.RemoteTestNG.main(RemoteTestNG.java:77)
</pre></div></td>
<td>0</td>
<td>com.sathya.qa.testcases.AudioVideoTest@224edc67</td></tr>
<tr>
<td title='com.sathya.qa.testcases.ProductPageTest.intil()'><b>intil</b><br>Test class: com.sathya.qa.testcases.ProductPageTest</td>
<td><div><pre>org.openqa.selenium.SessionNotCreatedException: session not created: This version of ChromeDriver only supports Chrome version 77
Build info: version: &apos;3.141.59&apos;, revision: &apos;e82be7d358&apos;, time: &apos;2018-11-14T08:17:03&apos;
System info: host: &apos;LAPTOP-H2ILISJ2&apos;, ip: &apos;192.168.1.5&apos;, os.name: &apos;Windows 10&apos;, os.arch: &apos;amd64&apos;, os.version: &apos;10.0&apos;, java.version: &apos;1.8.0_211&apos;
Driver info: driver.version: ChromeDriver
remote stacktrace: Backtrace:
	Ordinal0 [0x0070EB13+1501971]
	Ordinal0 [0x0068F6D1+980689]
	Ordinal0 [0x0061765F+489055]
	Ordinal0 [0x005AF2F4+62196]
	Ordinal0 [0x005ABCDA+48346]
	Ordinal0 [0x005C9800+169984]
	Ordinal0 [0x005C942D+169005]
	Ordinal0 [0x005C78EB+162027]
	Ordinal0 [0x005B0AC7+68295]
	Ordinal0 [0x005B1B40+72512]
	Ordinal0 [0x005B1AD9+72409]
	Ordinal0 [0x006A8F37+1085239]
	GetHandleVerifier [0x007AD7ED+503293]
	GetHandleVerifier [0x007AD580+502672]
	GetHandleVerifier [0x007B46AC+531644]
	GetHandleVerifier [0x007ADFFA+505354]
	Ordinal0 [0x006A0606+1050118]
	Ordinal0 [0x006A047F+1049727]
	Ordinal0 [0x006AAF9B+1093531]
	Ordinal0 [0x006AB103+1093891]
	Ordinal0 [0x006AA095+1089685]
	BaseThreadInitThunk [0x76C06359+25]
	RtlGetAppContainerNamedObjectPath [0x76F27B74+228]
	RtlGetAppContainerNamedObjectPath [0x76F27B44+180]

	at org.openqa.selenium.remote.W3CHandshakeResponse.lambda$errorHandler$0(W3CHandshakeResponse.java:62)
	at org.openqa.selenium.remote.HandshakeResponse.lambda$getResponseFunction$0(HandshakeResponse.java:30)
	at org.openqa.selenium.remote.ProtocolHandshake.lambda$createSession$0(ProtocolHandshake.java:126)
	at java.util.stream.ReferencePipeline$3$1.accept(ReferencePipeline.java:193)
	at java.util.Spliterators$ArraySpliterator.tryAdvance(Spliterators.java:958)
	at java.util.stream.ReferencePipeline.forEachWithCancel(ReferencePipeline.java:126)
	at java.util.stream.AbstractPipeline.copyIntoWithCancel(AbstractPipeline.java:498)
	at java.util.stream.AbstractPipeline.copyInto(AbstractPipeline.java:485)
	at java.util.stream.AbstractPipeline.wrapAndCopyInto(AbstractPipeline.java:471)
	at java.util.stream.FindOps$FindOp.evaluateSequential(FindOps.java:152)
	at java.util.stream.AbstractPipeline.evaluate(AbstractPipeline.java:234)
	at java.util.stream.ReferencePipeline.findFirst(ReferencePipeline.java:464)
	at org.openqa.selenium.remote.ProtocolHandshake.createSession(ProtocolHandshake.java:128)
	at org.openqa.selenium.remote.ProtocolHandshake.createSession(ProtocolHandshake.java:74)
	at org.openqa.selenium.remote.HttpCommandExecutor.execute(HttpCommandExecutor.java:136)
	at org.openqa.selenium.remote.service.DriverCommandExecutor.execute(DriverCommandExecutor.java:83)
	at org.openqa.selenium.remote.RemoteWebDriver.execute(RemoteWebDriver.java:552)
	at org.openqa.selenium.remote.RemoteWebDriver.startSession(RemoteWebDriver.java:213)
	at org.openqa.selenium.remote.RemoteWebDriver.&lt;init&gt;(RemoteWebDriver.java:131)
	at org.openqa.selenium.chrome.ChromeDriver.&lt;init&gt;(ChromeDriver.java:181)
	at org.openqa.selenium.chrome.ChromeDriver.&lt;init&gt;(ChromeDriver.java:168)
	at org.openqa.selenium.chrome.ChromeDriver.&lt;init&gt;(ChromeDriver.java:123)
	at com.sathya.qa.base.BaseClass.intialization(BaseClass.java:31)
	at com.sathya.qa.testcases.ProductPageTest.intil(ProductPageTest.java:32)
... Removed 30 stack frames</pre></div><a href='#' onClick='toggleBox("stack-trace1752461090", this, "Click to show all stack frames", "Click to hide stack frames")'>Click to show all stack frames</a>
<div class='stack-trace' id='stack-trace1752461090'><pre>org.openqa.selenium.SessionNotCreatedException: session not created: This version of ChromeDriver only supports Chrome version 77
Build info: version: &apos;3.141.59&apos;, revision: &apos;e82be7d358&apos;, time: &apos;2018-11-14T08:17:03&apos;
System info: host: &apos;LAPTOP-H2ILISJ2&apos;, ip: &apos;192.168.1.5&apos;, os.name: &apos;Windows 10&apos;, os.arch: &apos;amd64&apos;, os.version: &apos;10.0&apos;, java.version: &apos;1.8.0_211&apos;
Driver info: driver.version: ChromeDriver
remote stacktrace: Backtrace:
	Ordinal0 [0x0070EB13+1501971]
	Ordinal0 [0x0068F6D1+980689]
	Ordinal0 [0x0061765F+489055]
	Ordinal0 [0x005AF2F4+62196]
	Ordinal0 [0x005ABCDA+48346]
	Ordinal0 [0x005C9800+169984]
	Ordinal0 [0x005C942D+169005]
	Ordinal0 [0x005C78EB+162027]
	Ordinal0 [0x005B0AC7+68295]
	Ordinal0 [0x005B1B40+72512]
	Ordinal0 [0x005B1AD9+72409]
	Ordinal0 [0x006A8F37+1085239]
	GetHandleVerifier [0x007AD7ED+503293]
	GetHandleVerifier [0x007AD580+502672]
	GetHandleVerifier [0x007B46AC+531644]
	GetHandleVerifier [0x007ADFFA+505354]
	Ordinal0 [0x006A0606+1050118]
	Ordinal0 [0x006A047F+1049727]
	Ordinal0 [0x006AAF9B+1093531]
	Ordinal0 [0x006AB103+1093891]
	Ordinal0 [0x006AA095+1089685]
	BaseThreadInitThunk [0x76C06359+25]
	RtlGetAppContainerNamedObjectPath [0x76F27B74+228]
	RtlGetAppContainerNamedObjectPath [0x76F27B44+180]

	at sun.reflect.NativeConstructorAccessorImpl.newInstance0(Native Method)
	at sun.reflect.NativeConstructorAccessorImpl.newInstance(NativeConstructorAccessorImpl.java:62)
	at sun.reflect.DelegatingConstructorAccessorImpl.newInstance(DelegatingConstructorAccessorImpl.java:45)
	at java.lang.reflect.Constructor.newInstance(Constructor.java:423)
	at org.openqa.selenium.remote.W3CHandshakeResponse.lambda$errorHandler$0(W3CHandshakeResponse.java:62)
	at org.openqa.selenium.remote.HandshakeResponse.lambda$getResponseFunction$0(HandshakeResponse.java:30)
	at org.openqa.selenium.remote.ProtocolHandshake.lambda$createSession$0(ProtocolHandshake.java:126)
	at java.util.stream.ReferencePipeline$3$1.accept(ReferencePipeline.java:193)
	at java.util.Spliterators$ArraySpliterator.tryAdvance(Spliterators.java:958)
	at java.util.stream.ReferencePipeline.forEachWithCancel(ReferencePipeline.java:126)
	at java.util.stream.AbstractPipeline.copyIntoWithCancel(AbstractPipeline.java:498)
	at java.util.stream.AbstractPipeline.copyInto(AbstractPipeline.java:485)
	at java.util.stream.AbstractPipeline.wrapAndCopyInto(AbstractPipeline.java:471)
	at java.util.stream.FindOps$FindOp.evaluateSequential(FindOps.java:152)
	at java.util.stream.AbstractPipeline.evaluate(AbstractPipeline.java:234)
	at java.util.stream.ReferencePipeline.findFirst(ReferencePipeline.java:464)
	at org.openqa.selenium.remote.ProtocolHandshake.createSession(ProtocolHandshake.java:128)
	at org.openqa.selenium.remote.ProtocolHandshake.createSession(ProtocolHandshake.java:74)
	at org.openqa.selenium.remote.HttpCommandExecutor.execute(HttpCommandExecutor.java:136)
	at org.openqa.selenium.remote.service.DriverCommandExecutor.execute(DriverCommandExecutor.java:83)
	at org.openqa.selenium.remote.RemoteWebDriver.execute(RemoteWebDriver.java:552)
	at org.openqa.selenium.remote.RemoteWebDriver.startSession(RemoteWebDriver.java:213)
	at org.openqa.selenium.remote.RemoteWebDriver.&lt;init&gt;(RemoteWebDriver.java:131)
	at org.openqa.selenium.chrome.ChromeDriver.&lt;init&gt;(ChromeDriver.java:181)
	at org.openqa.selenium.chrome.ChromeDriver.&lt;init&gt;(ChromeDriver.java:168)
	at org.openqa.selenium.chrome.ChromeDriver.&lt;init&gt;(ChromeDriver.java:123)
	at com.sathya.qa.base.BaseClass.intialization(BaseClass.java:31)
	at com.sathya.qa.testcases.ProductPageTest.intil(ProductPageTest.java:32)
	at sun.reflect.NativeMethodAccessorImpl.invoke0(Native Method)
	at sun.reflect.NativeMethodAccessorImpl.invoke(NativeMethodAccessorImpl.java:62)
	at sun.reflect.DelegatingMethodAccessorImpl.invoke(DelegatingMethodAccessorImpl.java:43)
	at java.lang.reflect.Method.invoke(Method.java:498)
	at org.testng.internal.MethodInvocationHelper.invokeMethod(MethodInvocationHelper.java:80)
	at org.testng.internal.Invoker.invokeConfigurationMethod(Invoker.java:564)
	at org.testng.internal.Invoker.invokeConfigurations(Invoker.java:213)
	at org.testng.internal.Invoker.invokeMethod(Invoker.java:653)
	at org.testng.internal.Invoker.invokeTestMethod(Invoker.java:901)
	at org.testng.internal.Invoker.invokeTestMethods(Invoker.java:1231)
	at org.testng.internal.TestMethodWorker.invokeTestMethods(TestMethodWorker.java:127)
	at org.testng.internal.TestMethodWorker.run(TestMethodWorker.java:111)
	at org.testng.TestRunner.privateRun(TestRunner.java:767)
	at org.testng.TestRunner.run(TestRunner.java:617)
	at org.testng.SuiteRunner.runTest(SuiteRunner.java:334)
	at org.testng.SuiteRunner.runSequentially(SuiteRunner.java:329)
	at org.testng.SuiteRunner.privateRun(SuiteRunner.java:291)
	at org.testng.SuiteRunner.run(SuiteRunner.java:240)
	at org.testng.SuiteRunnerWorker.runSuite(SuiteRunnerWorker.java:52)
	at org.testng.SuiteRunnerWorker.run(SuiteRunnerWorker.java:86)
	at org.testng.TestNG.runSuitesSequentially(TestNG.java:1198)
	at org.testng.TestNG.runSuitesLocally(TestNG.java:1123)
	at org.testng.TestNG.run(TestNG.java:1031)
	at org.testng.remote.AbstractRemoteTestNG.run(AbstractRemoteTestNG.java:115)
	at org.testng.remote.RemoteTestNG.initAndRun(RemoteTestNG.java:251)
	at org.testng.remote.RemoteTestNG.main(RemoteTestNG.java:77)
</pre></div></td>
<td>0</td>
<td>com.sathya.qa.testcases.ProductPageTest@26be92ad</td></tr>
<tr>
<td title='com.sathya.qa.testcases.ProducttoshippingTest.intial()'><b>intial</b><br>Test class: com.sathya.qa.testcases.ProducttoshippingTest</td>
<td><div><pre>org.openqa.selenium.SessionNotCreatedException: session not created: This version of ChromeDriver only supports Chrome version 77
Build info: version: &apos;3.141.59&apos;, revision: &apos;e82be7d358&apos;, time: &apos;2018-11-14T08:17:03&apos;
System info: host: &apos;LAPTOP-H2ILISJ2&apos;, ip: &apos;192.168.1.5&apos;, os.name: &apos;Windows 10&apos;, os.arch: &apos;amd64&apos;, os.version: &apos;10.0&apos;, java.version: &apos;1.8.0_211&apos;
Driver info: driver.version: ChromeDriver
remote stacktrace: Backtrace:
	Ordinal0 [0x0070EB13+1501971]
	Ordinal0 [0x0068F6D1+980689]
	Ordinal0 [0x0061765F+489055]
	Ordinal0 [0x005AF2F4+62196]
	Ordinal0 [0x005ABCDA+48346]
	Ordinal0 [0x005C9800+169984]
	Ordinal0 [0x005C942D+169005]
	Ordinal0 [0x005C78EB+162027]
	Ordinal0 [0x005B0AC7+68295]
	Ordinal0 [0x005B1B40+72512]
	Ordinal0 [0x005B1AD9+72409]
	Ordinal0 [0x006A8F37+1085239]
	GetHandleVerifier [0x007AD7ED+503293]
	GetHandleVerifier [0x007AD580+502672]
	GetHandleVerifier [0x007B46AC+531644]
	GetHandleVerifier [0x007ADFFA+505354]
	Ordinal0 [0x006A0606+1050118]
	Ordinal0 [0x006A047F+1049727]
	Ordinal0 [0x006AAF9B+1093531]
	Ordinal0 [0x006AB103+1093891]
	Ordinal0 [0x006AA095+1089685]
	BaseThreadInitThunk [0x76C06359+25]
	RtlGetAppContainerNamedObjectPath [0x76F27B74+228]
	RtlGetAppContainerNamedObjectPath [0x76F27B44+180]

	at org.openqa.selenium.remote.W3CHandshakeResponse.lambda$errorHandler$0(W3CHandshakeResponse.java:62)
	at org.openqa.selenium.remote.HandshakeResponse.lambda$getResponseFunction$0(HandshakeResponse.java:30)
	at org.openqa.selenium.remote.ProtocolHandshake.lambda$createSession$0(ProtocolHandshake.java:126)
	at java.util.stream.ReferencePipeline$3$1.accept(ReferencePipeline.java:193)
	at java.util.Spliterators$ArraySpliterator.tryAdvance(Spliterators.java:958)
	at java.util.stream.ReferencePipeline.forEachWithCancel(ReferencePipeline.java:126)
	at java.util.stream.AbstractPipeline.copyIntoWithCancel(AbstractPipeline.java:498)
	at java.util.stream.AbstractPipeline.copyInto(AbstractPipeline.java:485)
	at java.util.stream.AbstractPipeline.wrapAndCopyInto(AbstractPipeline.java:471)
	at java.util.stream.FindOps$FindOp.evaluateSequential(FindOps.java:152)
	at java.util.stream.AbstractPipeline.evaluate(AbstractPipeline.java:234)
	at java.util.stream.ReferencePipeline.findFirst(ReferencePipeline.java:464)
	at org.openqa.selenium.remote.ProtocolHandshake.createSession(ProtocolHandshake.java:128)
	at org.openqa.selenium.remote.ProtocolHandshake.createSession(ProtocolHandshake.java:74)
	at org.openqa.selenium.remote.HttpCommandExecutor.execute(HttpCommandExecutor.java:136)
	at org.openqa.selenium.remote.service.DriverCommandExecutor.execute(DriverCommandExecutor.java:83)
	at org.openqa.selenium.remote.RemoteWebDriver.execute(RemoteWebDriver.java:552)
	at org.openqa.selenium.remote.RemoteWebDriver.startSession(RemoteWebDriver.java:213)
	at org.openqa.selenium.remote.RemoteWebDriver.&lt;init&gt;(RemoteWebDriver.java:131)
	at org.openqa.selenium.chrome.ChromeDriver.&lt;init&gt;(ChromeDriver.java:181)
	at org.openqa.selenium.chrome.ChromeDriver.&lt;init&gt;(ChromeDriver.java:168)
	at org.openqa.selenium.chrome.ChromeDriver.&lt;init&gt;(ChromeDriver.java:123)
	at com.sathya.qa.base.BaseClass.intialization(BaseClass.java:31)
	at com.sathya.qa.testcases.ProducttoshippingTest.intial(ProducttoshippingTest.java:35)
... Removed 30 stack frames</pre></div><a href='#' onClick='toggleBox("stack-trace1789452565", this, "Click to show all stack frames", "Click to hide stack frames")'>Click to show all stack frames</a>
<div class='stack-trace' id='stack-trace1789452565'><pre>org.openqa.selenium.SessionNotCreatedException: session not created: This version of ChromeDriver only supports Chrome version 77
Build info: version: &apos;3.141.59&apos;, revision: &apos;e82be7d358&apos;, time: &apos;2018-11-14T08:17:03&apos;
System info: host: &apos;LAPTOP-H2ILISJ2&apos;, ip: &apos;192.168.1.5&apos;, os.name: &apos;Windows 10&apos;, os.arch: &apos;amd64&apos;, os.version: &apos;10.0&apos;, java.version: &apos;1.8.0_211&apos;
Driver info: driver.version: ChromeDriver
remote stacktrace: Backtrace:
	Ordinal0 [0x0070EB13+1501971]
	Ordinal0 [0x0068F6D1+980689]
	Ordinal0 [0x0061765F+489055]
	Ordinal0 [0x005AF2F4+62196]
	Ordinal0 [0x005ABCDA+48346]
	Ordinal0 [0x005C9800+169984]
	Ordinal0 [0x005C942D+169005]
	Ordinal0 [0x005C78EB+162027]
	Ordinal0 [0x005B0AC7+68295]
	Ordinal0 [0x005B1B40+72512]
	Ordinal0 [0x005B1AD9+72409]
	Ordinal0 [0x006A8F37+1085239]
	GetHandleVerifier [0x007AD7ED+503293]
	GetHandleVerifier [0x007AD580+502672]
	GetHandleVerifier [0x007B46AC+531644]
	GetHandleVerifier [0x007ADFFA+505354]
	Ordinal0 [0x006A0606+1050118]
	Ordinal0 [0x006A047F+1049727]
	Ordinal0 [0x006AAF9B+1093531]
	Ordinal0 [0x006AB103+1093891]
	Ordinal0 [0x006AA095+1089685]
	BaseThreadInitThunk [0x76C06359+25]
	RtlGetAppContainerNamedObjectPath [0x76F27B74+228]
	RtlGetAppContainerNamedObjectPath [0x76F27B44+180]

	at sun.reflect.NativeConstructorAccessorImpl.newInstance0(Native Method)
	at sun.reflect.NativeConstructorAccessorImpl.newInstance(NativeConstructorAccessorImpl.java:62)
	at sun.reflect.DelegatingConstructorAccessorImpl.newInstance(DelegatingConstructorAccessorImpl.java:45)
	at java.lang.reflect.Constructor.newInstance(Constructor.java:423)
	at org.openqa.selenium.remote.W3CHandshakeResponse.lambda$errorHandler$0(W3CHandshakeResponse.java:62)
	at org.openqa.selenium.remote.HandshakeResponse.lambda$getResponseFunction$0(HandshakeResponse.java:30)
	at org.openqa.selenium.remote.ProtocolHandshake.lambda$createSession$0(ProtocolHandshake.java:126)
	at java.util.stream.ReferencePipeline$3$1.accept(ReferencePipeline.java:193)
	at java.util.Spliterators$ArraySpliterator.tryAdvance(Spliterators.java:958)
	at java.util.stream.ReferencePipeline.forEachWithCancel(ReferencePipeline.java:126)
	at java.util.stream.AbstractPipeline.copyIntoWithCancel(AbstractPipeline.java:498)
	at java.util.stream.AbstractPipeline.copyInto(AbstractPipeline.java:485)
	at java.util.stream.AbstractPipeline.wrapAndCopyInto(AbstractPipeline.java:471)
	at java.util.stream.FindOps$FindOp.evaluateSequential(FindOps.java:152)
	at java.util.stream.AbstractPipeline.evaluate(AbstractPipeline.java:234)
	at java.util.stream.ReferencePipeline.findFirst(ReferencePipeline.java:464)
	at org.openqa.selenium.remote.ProtocolHandshake.createSession(ProtocolHandshake.java:128)
	at org.openqa.selenium.remote.ProtocolHandshake.createSession(ProtocolHandshake.java:74)
	at org.openqa.selenium.remote.HttpCommandExecutor.execute(HttpCommandExecutor.java:136)
	at org.openqa.selenium.remote.service.DriverCommandExecutor.execute(DriverCommandExecutor.java:83)
	at org.openqa.selenium.remote.RemoteWebDriver.execute(RemoteWebDriver.java:552)
	at org.openqa.selenium.remote.RemoteWebDriver.startSession(RemoteWebDriver.java:213)
	at org.openqa.selenium.remote.RemoteWebDriver.&lt;init&gt;(RemoteWebDriver.java:131)
	at org.openqa.selenium.chrome.ChromeDriver.&lt;init&gt;(ChromeDriver.java:181)
	at org.openqa.selenium.chrome.ChromeDriver.&lt;init&gt;(ChromeDriver.java:168)
	at org.openqa.selenium.chrome.ChromeDriver.&lt;init&gt;(ChromeDriver.java:123)
	at com.sathya.qa.base.BaseClass.intialization(BaseClass.java:31)
	at com.sathya.qa.testcases.ProducttoshippingTest.intial(ProducttoshippingTest.java:35)
	at sun.reflect.NativeMethodAccessorImpl.invoke0(Native Method)
	at sun.reflect.NativeMethodAccessorImpl.invoke(NativeMethodAccessorImpl.java:62)
	at sun.reflect.DelegatingMethodAccessorImpl.invoke(DelegatingMethodAccessorImpl.java:43)
	at java.lang.reflect.Method.invoke(Method.java:498)
	at org.testng.internal.MethodInvocationHelper.invokeMethod(MethodInvocationHelper.java:80)
	at org.testng.internal.Invoker.invokeConfigurationMethod(Invoker.java:564)
	at org.testng.internal.Invoker.invokeConfigurations(Invoker.java:213)
	at org.testng.internal.Invoker.invokeMethod(Invoker.java:653)
	at org.testng.internal.Invoker.invokeTestMethod(Invoker.java:901)
	at org.testng.internal.Invoker.invokeTestMethods(Invoker.java:1231)
	at org.testng.internal.TestMethodWorker.invokeTestMethods(TestMethodWorker.java:127)
	at org.testng.internal.TestMethodWorker.run(TestMethodWorker.java:111)
	at org.testng.TestRunner.privateRun(TestRunner.java:767)
	at org.testng.TestRunner.run(TestRunner.java:617)
	at org.testng.SuiteRunner.runTest(SuiteRunner.java:334)
	at org.testng.SuiteRunner.runSequentially(SuiteRunner.java:329)
	at org.testng.SuiteRunner.privateRun(SuiteRunner.java:291)
	at org.testng.SuiteRunner.run(SuiteRunner.java:240)
	at org.testng.SuiteRunnerWorker.runSuite(SuiteRunnerWorker.java:52)
	at org.testng.SuiteRunnerWorker.run(SuiteRunnerWorker.java:86)
	at org.testng.TestNG.runSuitesSequentially(TestNG.java:1198)
	at org.testng.TestNG.runSuitesLocally(TestNG.java:1123)
	at org.testng.TestNG.run(TestNG.java:1031)
	at org.testng.remote.AbstractRemoteTestNG.run(AbstractRemoteTestNG.java:115)
	at org.testng.remote.RemoteTestNG.initAndRun(RemoteTestNG.java:251)
	at org.testng.remote.RemoteTestNG.main(RemoteTestNG.java:77)
</pre></div></td>
<td>0</td>
<td>com.sathya.qa.testcases.ProducttoshippingTest@5c7fa833</td></tr>
</table><p>
<table width='100%' border='1' class='invocation-skipped'>
<tr><td colspan='4' align='center'><b>SKIPPED CONFIGURATIONS</b></td></tr>
<tr><td><b>Test method</b></td>
<td width="30%"><b>Exception</b></td>
<td width="10%"><b>Time (seconds)</b></td>
<td><b>Instance</b></td>
</tr>
<tr>
<td title='com.sathya.qa.testcases.HomePageTest.setintialization()'><b>setintialization</b><br>Test class: com.sathya.qa.testcases.HomePageTest</td>
<td></td>
<td>0</td>
<td>com.sathya.qa.testcases.HomePageTest@14acaea5</td></tr>
<tr>
<td title='com.sathya.qa.testcases.HomePageTest.setintialization()'><b>setintialization</b><br>Test class: com.sathya.qa.testcases.HomePageTest</td>
<td></td>
<td>0</td>
<td>com.sathya.qa.testcases.HomePageTest@14acaea5</td></tr>
<tr>
<td title='com.sathya.qa.testcases.LoginpageTest.setintialization()'><b>setintialization</b><br>Test class: com.sathya.qa.testcases.LoginpageTest</td>
<td></td>
<td>0</td>
<td>com.sathya.qa.testcases.LoginpageTest@4c70fda8</td></tr>
<tr>
<td title='com.sathya.qa.testcases.HomeAppliancesTest.intial()'><b>intial</b><br>Test class: com.sathya.qa.testcases.HomeAppliancesTest</td>
<td></td>
<td>0</td>
<td>com.sathya.qa.testcases.HomeAppliancesTest@1d057a39</td></tr>
<tr>
<td title='com.sathya.qa.testcases.HomeAppliancesTest.intial()'><b>intial</b><br>Test class: com.sathya.qa.testcases.HomeAppliancesTest</td>
<td></td>
<td>0</td>
<td>com.sathya.qa.testcases.HomeAppliancesTest@1d057a39</td></tr>
<tr>
<td title='com.sathya.qa.testcases.AudioVideoTest.intil()'><b>intil</b><br>Test class: com.sathya.qa.testcases.AudioVideoTest</td>
<td></td>
<td>0</td>
<td>com.sathya.qa.testcases.AudioVideoTest@224edc67</td></tr>
<tr>
<td title='com.sathya.qa.testcases.AudioVideoTest.intil()'><b>intil</b><br>Test class: com.sathya.qa.testcases.AudioVideoTest</td>
<td></td>
<td>0</td>
<td>com.sathya.qa.testcases.AudioVideoTest@224edc67</td></tr>
<tr>
<td title='com.sathya.qa.testcases.ProductPageTest.intil()'><b>intil</b><br>Test class: com.sathya.qa.testcases.ProductPageTest</td>
<td></td>
<td>0</td>
<td>com.sathya.qa.testcases.ProductPageTest@26be92ad</td></tr>
<tr>
<td title='com.sathya.qa.testcases.ProductPageTest.intil()'><b>intil</b><br>Test class: com.sathya.qa.testcases.ProductPageTest</td>
<td></td>
<td>0</td>
<td>com.sathya.qa.testcases.ProductPageTest@26be92ad</td></tr>
<tr>
<td title='com.sathya.qa.testcases.ProducttoshippingTest.intial()'><b>intial</b><br>Test class: com.sathya.qa.testcases.ProducttoshippingTest</td>
<td></td>
<td>0</td>
<td>com.sathya.qa.testcases.ProducttoshippingTest@5c7fa833</td></tr>
<tr>
<td title='com.sathya.qa.testcases.HomePageTest.quit()'><b>quit</b><br>Test class: com.sathya.qa.testcases.HomePageTest</td>
<td></td>
<td>0</td>
<td>com.sathya.qa.testcases.HomePageTest@14acaea5</td></tr>
<tr>
<td title='com.sathya.qa.testcases.HomePageTest.quit()'><b>quit</b><br>Test class: com.sathya.qa.testcases.HomePageTest</td>
<td></td>
<td>0</td>
<td>com.sathya.qa.testcases.HomePageTest@14acaea5</td></tr>
<tr>
<td title='com.sathya.qa.testcases.HomePageTest.quit()'><b>quit</b><br>Test class: com.sathya.qa.testcases.HomePageTest</td>
<td></td>
<td>0</td>
<td>com.sathya.qa.testcases.HomePageTest@14acaea5</td></tr>
<tr>
<td title='com.sathya.qa.testcases.LoginpageTest.quit()'><b>quit</b><br>Test class: com.sathya.qa.testcases.LoginpageTest</td>
<td></td>
<td>0</td>
<td>com.sathya.qa.testcases.LoginpageTest@4c70fda8</td></tr>
<tr>
<td title='com.sathya.qa.testcases.LoginpageTest.quit()'><b>quit</b><br>Test class: com.sathya.qa.testcases.LoginpageTest</td>
<td></td>
<td>0</td>
<td>com.sathya.qa.testcases.LoginpageTest@4c70fda8</td></tr>
<tr>
<td title='com.sathya.qa.testcases.HomeAppliancesTest.quit()'><b>quit</b><br>Test class: com.sathya.qa.testcases.HomeAppliancesTest</td>
<td></td>
<td>0</td>
<td>com.sathya.qa.testcases.HomeAppliancesTest@1d057a39</td></tr>
<tr>
<td title='com.sathya.qa.testcases.HomeAppliancesTest.quit()'><b>quit</b><br>Test class: com.sathya.qa.testcases.HomeAppliancesTest</td>
<td></td>
<td>0</td>
<td>com.sathya.qa.testcases.HomeAppliancesTest@1d057a39</td></tr>
<tr>
<td title='com.sathya.qa.testcases.HomeAppliancesTest.quit()'><b>quit</b><br>Test class: com.sathya.qa.testcases.HomeAppliancesTest</td>
<td></td>
<td>0</td>
<td>com.sathya.qa.testcases.HomeAppliancesTest@1d057a39</td></tr>
<tr>
<td title='com.sathya.qa.testcases.AudioVideoTest.quit()'><b>quit</b><br>Test class: com.sathya.qa.testcases.AudioVideoTest</td>
<td></td>
<td>0</td>
<td>com.sathya.qa.testcases.AudioVideoTest@224edc67</td></tr>
<tr>
<td title='com.sathya.qa.testcases.AudioVideoTest.quit()'><b>quit</b><br>Test class: com.sathya.qa.testcases.AudioVideoTest</td>
<td></td>
<td>0</td>
<td>com.sathya.qa.testcases.AudioVideoTest@224edc67</td></tr>
<tr>
<td title='com.sathya.qa.testcases.AudioVideoTest.quit()'><b>quit</b><br>Test class: com.sathya.qa.testcases.AudioVideoTest</td>
<td></td>
<td>0</td>
<td>com.sathya.qa.testcases.AudioVideoTest@224edc67</td></tr>
<tr>
<td title='com.sathya.qa.testcases.ProductPageTest.quit()'><b>quit</b><br>Test class: com.sathya.qa.testcases.ProductPageTest</td>
<td></td>
<td>0</td>
<td>com.sathya.qa.testcases.ProductPageTest@26be92ad</td></tr>
<tr>
<td title='com.sathya.qa.testcases.ProductPageTest.quit()'><b>quit</b><br>Test class: com.sathya.qa.testcases.ProductPageTest</td>
<td></td>
<td>0</td>
<td>com.sathya.qa.testcases.ProductPageTest@26be92ad</td></tr>
<tr>
<td title='com.sathya.qa.testcases.ProductPageTest.quit()'><b>quit</b><br>Test class: com.sathya.qa.testcases.ProductPageTest</td>
<td></td>
<td>0</td>
<td>com.sathya.qa.testcases.ProductPageTest@26be92ad</td></tr>
<tr>
<td title='com.sathya.qa.testcases.ProducttoshippingTest.quit()'><b>quit</b><br>Test class: com.sathya.qa.testcases.ProducttoshippingTest</td>
<td></td>
<td>0</td>
<td>com.sathya.qa.testcases.ProducttoshippingTest@5c7fa833</td></tr>
<tr>
<td title='com.sathya.qa.testcases.ProducttoshippingTest.quit()'><b>quit</b><br>Test class: com.sathya.qa.testcases.ProducttoshippingTest</td>
<td></td>
<td>0</td>
<td>com.sathya.qa.testcases.ProducttoshippingTest@5c7fa833</td></tr>
</table><p>
<table width='100%' border='1' class='invocation-skipped'>
<tr><td colspan='4' align='center'><b>SKIPPED TESTS</b></td></tr>
<tr><td><b>Test method</b></td>
<td width="30%"><b>Exception</b></td>
<td width="10%"><b>Time (seconds)</b></td>
<td><b>Instance</b></td>
</tr>
<tr>
<td title='com.sathya.qa.testcases.HomeAppliancesTest.air_Conditionertest()'><b>air_Conditionertest</b><br>Test class: com.sathya.qa.testcases.HomeAppliancesTest</td>
<td></td>
<td>0</td>
<td>com.sathya.qa.testcases.HomeAppliancesTest@1d057a39</td></tr>
<tr>
<td title='com.sathya.qa.testcases.HomeAppliancesTest.aircoolertest()'><b>aircoolertest</b><br>Test class: com.sathya.qa.testcases.HomeAppliancesTest</td>
<td></td>
<td>0</td>
<td>com.sathya.qa.testcases.HomeAppliancesTest@1d057a39</td></tr>
<tr>
<td title='com.sathya.qa.testcases.HomePageTest.home2logintest()'><b>home2logintest</b><br>Test class: com.sathya.qa.testcases.HomePageTest</td>
<td></td>
<td>0</td>
<td>com.sathya.qa.testcases.HomePageTest@14acaea5</td></tr>
<tr>
<td title='com.sathya.qa.testcases.HomePageTest.homepagetitletest()'><b>homepagetitletest</b><br>Test class: com.sathya.qa.testcases.HomePageTest</td>
<td></td>
<td>0</td>
<td>com.sathya.qa.testcases.HomePageTest@14acaea5</td></tr>
<tr>
<td title='com.sathya.qa.testcases.AudioVideoTest.hometheatre()'><b>hometheatre</b><br>Test class: com.sathya.qa.testcases.AudioVideoTest</td>
<td></td>
<td>0</td>
<td>com.sathya.qa.testcases.AudioVideoTest@224edc67</td></tr>
<tr>
<td title='com.sathya.qa.testcases.AudioVideoTest.led()'><b>led</b><br>Test class: com.sathya.qa.testcases.AudioVideoTest</td>
<td></td>
<td>0</td>
<td>com.sathya.qa.testcases.AudioVideoTest@224edc67</td></tr>
<tr>
<td title='com.sathya.qa.testcases.LoginpageTest.login()'><b>login</b><br>Test class: com.sathya.qa.testcases.LoginpageTest</td>
<td></td>
<td>0</td>
<td>com.sathya.qa.testcases.LoginpageTest@4c70fda8</td></tr>
<tr>
<td title='com.sathya.qa.testcases.HomePageTest.logotest()'><b>logotest</b><br>Test class: com.sathya.qa.testcases.HomePageTest</td>
<td></td>
<td>0</td>
<td>com.sathya.qa.testcases.HomePageTest@14acaea5</td></tr>
<tr>
<td title='com.sathya.qa.testcases.LoginpageTest.newregister()'><b>newregister</b><br>Test class: com.sathya.qa.testcases.LoginpageTest</td>
<td></td>
<td>0</td>
<td>com.sathya.qa.testcases.LoginpageTest@4c70fda8</td></tr>
<tr>
<td title='com.sathya.qa.testcases.AudioVideoTest.playstation()'><b>playstation</b><br>Test class: com.sathya.qa.testcases.AudioVideoTest</td>
<td></td>
<td>0</td>
<td>com.sathya.qa.testcases.AudioVideoTest@224edc67</td></tr>
<tr>
<td title='com.sathya.qa.testcases.ProductPageTest.product1()'><b>product1</b><br>Test class: com.sathya.qa.testcases.ProductPageTest</td>
<td></td>
<td>0</td>
<td>com.sathya.qa.testcases.ProductPageTest@26be92ad</td></tr>
<tr>
<td title='com.sathya.qa.testcases.ProductPageTest.product2()'><b>product2</b><br>Test class: com.sathya.qa.testcases.ProductPageTest</td>
<td></td>
<td>0</td>
<td>com.sathya.qa.testcases.ProductPageTest@26be92ad</td></tr>
<tr>
<td title='com.sathya.qa.testcases.ProductPageTest.product3()'><b>product3</b><br>Test class: com.sathya.qa.testcases.ProductPageTest</td>
<td></td>
<td>0</td>
<td>com.sathya.qa.testcases.ProductPageTest@26be92ad</td></tr>
<tr>
<td title='com.sathya.qa.testcases.ProducttoshippingTest.producttoship1()'><b>producttoship1</b><br>Test class: com.sathya.qa.testcases.ProducttoshippingTest</td>
<td></td>
<td>0</td>
<td>com.sathya.qa.testcases.ProducttoshippingTest@5c7fa833</td></tr>
<tr>
<td title='com.sathya.qa.testcases.ProducttoshippingTest.producttoship2()'><b>producttoship2</b><br>Test class: com.sathya.qa.testcases.ProducttoshippingTest</td>
<td></td>
<td>0</td>
<td>com.sathya.qa.testcases.ProducttoshippingTest@5c7fa833</td></tr>
<tr>
<td title='com.sathya.qa.testcases.HomeAppliancesTest.refrigeratortest()'><b>refrigeratortest</b><br>Test class: com.sathya.qa.testcases.HomeAppliancesTest</td>
<td></td>
<td>0</td>
<td>com.sathya.qa.testcases.HomeAppliancesTest@1d057a39</td></tr>
</table><p>
</body>
</html>