<?xml version="1.0" encoding="UTF-8"?>
<!-- Generated by org.testng.reporters.JUnitReportReporter -->
<testsuite hostname="LAPTOP-H2ILISJ2" name="com.sathya.qa.testcases.ProducttoshippingTest" tests="2" failures="2" timestamp="5 Jan 2020 05:05:31 GMT" time="0.064" errors="0">
  <testcase name="producttoship1" time="0.061" classname="com.sathya.qa.testcases.ProducttoshippingTest">
    <failure type="org.openqa.selenium.SessionNotCreatedException" message="session not created: This version of ChromeDriver only supports Chrome version 77
Build info: version: &#039;3.141.59&#039;, revision: &#039;e82be7d358&#039;, time: &#039;2018-11-14T08:17:03&#039;
System info: host: &#039;LAPTOP-H2ILISJ2&#039;, ip: &#039;192.168.1.5&#039;, os.name: &#039;Windows 10&#039;, os.arch: &#039;amd64&#039;, os.version: &#039;10.0&#039;, java.version: &#039;1.8.0_211&#039;
Driver info: driver.version: ChromeDriver
remote stacktrace: Backtrace:
	Ordinal0 [0x0070EB13+1501971]
	Ordinal0 [0x0068F6D1+980689]
	Ordinal0 [0x0061765F+489055]
	Ordinal0 [0x005AF2F4+62196]
	Ordinal0 [0x005ABCDA+48346]
	Ordinal0 [0x005C9800+169984]
	Ordinal0 [0x005C942D+169005]
	Ordinal0 [0x005C78EB+162027]
	Ordinal0 [0x005B0AC7+68295]
	Ordinal0 [0x005B1B40+72512]
	Ordinal0 [0x005B1AD9+72409]
	Ordinal0 [0x006A8F37+1085239]
	GetHandleVerifier [0x007AD7ED+503293]
	GetHandleVerifier [0x007AD580+502672]
	GetHandleVerifier [0x007B46AC+531644]
	GetHandleVerifier [0x007ADFFA+505354]
	Ordinal0 [0x006A0606+1050118]
	Ordinal0 [0x006A047F+1049727]
	Ordinal0 [0x006AAF9B+1093531]
	Ordinal0 [0x006AB103+1093891]
	Ordinal0 [0x006AA095+1089685]
	BaseThreadInitThunk [0x76C06359+25]
	RtlGetAppContainerNamedObjectPath [0x76F27B74+228]
	RtlGetAppContainerNamedObjectPath [0x76F27B44+180]
">
      <![CDATA[org.openqa.selenium.SessionNotCreatedException: session not created: This version of ChromeDriver only supports Chrome version 77
Build info: version: '3.141.59', revision: 'e82be7d358', time: '2018-11-14T08:17:03'
System info: host: 'LAPTOP-H2ILISJ2', ip: '192.168.1.5', os.name: 'Windows 10', os.arch: 'amd64', os.version: '10.0', java.version: '1.8.0_211'
Driver info: driver.version: ChromeDriver
remote stacktrace: Backtrace:
	Ordinal0 [0x0070EB13+1501971]
	Ordinal0 [0x0068F6D1+980689]
	Ordinal0 [0x0061765F+489055]
	Ordinal0 [0x005AF2F4+62196]
	Ordinal0 [0x005ABCDA+48346]
	Ordinal0 [0x005C9800+169984]
	Ordinal0 [0x005C942D+169005]
	Ordinal0 [0x005C78EB+162027]
	Ordinal0 [0x005B0AC7+68295]
	Ordinal0 [0x005B1B40+72512]
	Ordinal0 [0x005B1AD9+72409]
	Ordinal0 [0x006A8F37+1085239]
	GetHandleVerifier [0x007AD7ED+503293]
	GetHandleVerifier [0x007AD580+502672]
	GetHandleVerifier [0x007B46AC+531644]
	GetHandleVerifier [0x007ADFFA+505354]
	Ordinal0 [0x006A0606+1050118]
	Ordinal0 [0x006A047F+1049727]
	Ordinal0 [0x006AAF9B+1093531]
	Ordinal0 [0x006AB103+1093891]
	Ordinal0 [0x006AA095+1089685]
	BaseThreadInitThunk [0x76C06359+25]
	RtlGetAppContainerNamedObjectPath [0x76F27B74+228]
	RtlGetAppContainerNamedObjectPath [0x76F27B44+180]

	at sun.reflect.NativeConstructorAccessorImpl.newInstance0(Native Method)
	at sun.reflect.NativeConstructorAccessorImpl.newInstance(NativeConstructorAccessorImpl.java:62)
	at sun.reflect.DelegatingConstructorAccessorImpl.newInstance(DelegatingConstructorAccessorImpl.java:45)
	at java.lang.reflect.Constructor.newInstance(Constructor.java:423)
	at org.openqa.selenium.remote.W3CHandshakeResponse.lambda$errorHandler$0(W3CHandshakeResponse.java:62)
	at org.openqa.selenium.remote.HandshakeResponse.lambda$getResponseFunction$0(HandshakeResponse.java:30)
	at org.openqa.selenium.remote.ProtocolHandshake.lambda$createSession$0(ProtocolHandshake.java:126)
	at java.util.stream.ReferencePipeline$3$1.accept(ReferencePipeline.java:193)
	at java.util.Spliterators$ArraySpliterator.tryAdvance(Spliterators.java:958)
	at java.util.stream.ReferencePipeline.forEachWithCancel(ReferencePipeline.java:126)
	at java.util.stream.AbstractPipeline.copyIntoWithCancel(AbstractPipeline.java:498)
	at java.util.stream.AbstractPipeline.copyInto(AbstractPipeline.java:485)
	at java.util.stream.AbstractPipeline.wrapAndCopyInto(AbstractPipeline.java:471)
	at java.util.stream.FindOps$FindOp.evaluateSequential(FindOps.java:152)
	at java.util.stream.AbstractPipeline.evaluate(AbstractPipeline.java:234)
	at java.util.stream.ReferencePipeline.findFirst(ReferencePipeline.java:464)
	at org.openqa.selenium.remote.ProtocolHandshake.createSession(ProtocolHandshake.java:128)
	at org.openqa.selenium.remote.ProtocolHandshake.createSession(ProtocolHandshake.java:74)
	at org.openqa.selenium.remote.HttpCommandExecutor.execute(HttpCommandExecutor.java:136)
	at org.openqa.selenium.remote.service.DriverCommandExecutor.execute(DriverCommandExecutor.java:83)
	at org.openqa.selenium.remote.RemoteWebDriver.execute(RemoteWebDriver.java:552)
	at org.openqa.selenium.remote.RemoteWebDriver.startSession(RemoteWebDriver.java:213)
	at org.openqa.selenium.remote.RemoteWebDriver.<init>(RemoteWebDriver.java:131)
	at org.openqa.selenium.chrome.ChromeDriver.<init>(ChromeDriver.java:181)
	at org.openqa.selenium.chrome.ChromeDriver.<init>(ChromeDriver.java:168)
	at org.openqa.selenium.chrome.ChromeDriver.<init>(ChromeDriver.java:123)
	at com.sathya.qa.base.BaseClass.intialization(BaseClass.java:31)
	at com.sathya.qa.testcases.ProducttoshippingTest.intial(ProducttoshippingTest.java:35)
	at sun.reflect.NativeMethodAccessorImpl.invoke0(Native Method)
	at sun.reflect.NativeMethodAccessorImpl.invoke(NativeMethodAccessorImpl.java:62)
	at sun.reflect.DelegatingMethodAccessorImpl.invoke(DelegatingMethodAccessorImpl.java:43)
	at java.lang.reflect.Method.invoke(Method.java:498)
	at org.testng.internal.MethodInvocationHelper.invokeMethod(MethodInvocationHelper.java:80)
	at org.testng.internal.Invoker.invokeConfigurationMethod(Invoker.java:564)
	at org.testng.internal.Invoker.invokeConfigurations(Invoker.java:213)
	at org.testng.internal.Invoker.invokeMethod(Invoker.java:653)
	at org.testng.internal.Invoker.invokeTestMethod(Invoker.java:901)
	at org.testng.internal.Invoker.invokeTestMethods(Invoker.java:1231)
	at org.testng.internal.TestMethodWorker.invokeTestMethods(TestMethodWorker.java:127)
	at org.testng.internal.TestMethodWorker.run(TestMethodWorker.java:111)
	at org.testng.TestRunner.privateRun(TestRunner.java:767)
	at org.testng.TestRunner.run(TestRunner.java:617)
	at org.testng.SuiteRunner.runTest(SuiteRunner.java:334)
	at org.testng.SuiteRunner.runSequentially(SuiteRunner.java:329)
	at org.testng.SuiteRunner.privateRun(SuiteRunner.java:291)
	at org.testng.SuiteRunner.run(SuiteRunner.java:240)
	at org.testng.SuiteRunnerWorker.runSuite(SuiteRunnerWorker.java:52)
	at org.testng.SuiteRunnerWorker.run(SuiteRunnerWorker.java:86)
	at org.testng.TestNG.runSuitesSequentially(TestNG.java:1198)
	at org.testng.TestNG.runSuitesLocally(TestNG.java:1123)
	at org.testng.TestNG.run(TestNG.java:1031)
	at org.testng.remote.AbstractRemoteTestNG.run(AbstractRemoteTestNG.java:115)
	at org.testng.remote.RemoteTestNG.initAndRun(RemoteTestNG.java:251)
	at org.testng.remote.RemoteTestNG.main(RemoteTestNG.java:77)
]]>
    </failure>
  </testcase> <!-- producttoship1 -->
  <testcase name="producttoship2" time="0.003" classname="com.sathya.qa.testcases.ProducttoshippingTest">
    <failure type="org.openqa.selenium.SessionNotCreatedException" message="session not created: This version of ChromeDriver only supports Chrome version 77
Build info: version: &#039;3.141.59&#039;, revision: &#039;e82be7d358&#039;, time: &#039;2018-11-14T08:17:03&#039;
System info: host: &#039;LAPTOP-H2ILISJ2&#039;, ip: &#039;192.168.1.5&#039;, os.name: &#039;Windows 10&#039;, os.arch: &#039;amd64&#039;, os.version: &#039;10.0&#039;, java.version: &#039;1.8.0_211&#039;
Driver info: driver.version: ChromeDriver
remote stacktrace: Backtrace:
	Ordinal0 [0x0070EB13+1501971]
	Ordinal0 [0x0068F6D1+980689]
	Ordinal0 [0x0061765F+489055]
	Ordinal0 [0x005AF2F4+62196]
	Ordinal0 [0x005ABCDA+48346]
	Ordinal0 [0x005C9800+169984]
	Ordinal0 [0x005C942D+169005]
	Ordinal0 [0x005C78EB+162027]
	Ordinal0 [0x005B0AC7+68295]
	Ordinal0 [0x005B1B40+72512]
	Ordinal0 [0x005B1AD9+72409]
	Ordinal0 [0x006A8F37+1085239]
	GetHandleVerifier [0x007AD7ED+503293]
	GetHandleVerifier [0x007AD580+502672]
	GetHandleVerifier [0x007B46AC+531644]
	GetHandleVerifier [0x007ADFFA+505354]
	Ordinal0 [0x006A0606+1050118]
	Ordinal0 [0x006A047F+1049727]
	Ordinal0 [0x006AAF9B+1093531]
	Ordinal0 [0x006AB103+1093891]
	Ordinal0 [0x006AA095+1089685]
	BaseThreadInitThunk [0x76C06359+25]
	RtlGetAppContainerNamedObjectPath [0x76F27B74+228]
	RtlGetAppContainerNamedObjectPath [0x76F27B44+180]
">
      <![CDATA[org.openqa.selenium.SessionNotCreatedException: session not created: This version of ChromeDriver only supports Chrome version 77
Build info: version: '3.141.59', revision: 'e82be7d358', time: '2018-11-14T08:17:03'
System info: host: 'LAPTOP-H2ILISJ2', ip: '192.168.1.5', os.name: 'Windows 10', os.arch: 'amd64', os.version: '10.0', java.version: '1.8.0_211'
Driver info: driver.version: ChromeDriver
remote stacktrace: Backtrace:
	Ordinal0 [0x0070EB13+1501971]
	Ordinal0 [0x0068F6D1+980689]
	Ordinal0 [0x0061765F+489055]
	Ordinal0 [0x005AF2F4+62196]
	Ordinal0 [0x005ABCDA+48346]
	Ordinal0 [0x005C9800+169984]
	Ordinal0 [0x005C942D+169005]
	Ordinal0 [0x005C78EB+162027]
	Ordinal0 [0x005B0AC7+68295]
	Ordinal0 [0x005B1B40+72512]
	Ordinal0 [0x005B1AD9+72409]
	Ordinal0 [0x006A8F37+1085239]
	GetHandleVerifier [0x007AD7ED+503293]
	GetHandleVerifier [0x007AD580+502672]
	GetHandleVerifier [0x007B46AC+531644]
	GetHandleVerifier [0x007ADFFA+505354]
	Ordinal0 [0x006A0606+1050118]
	Ordinal0 [0x006A047F+1049727]
	Ordinal0 [0x006AAF9B+1093531]
	Ordinal0 [0x006AB103+1093891]
	Ordinal0 [0x006AA095+1089685]
	BaseThreadInitThunk [0x76C06359+25]
	RtlGetAppContainerNamedObjectPath [0x76F27B74+228]
	RtlGetAppContainerNamedObjectPath [0x76F27B44+180]

	at sun.reflect.NativeConstructorAccessorImpl.newInstance0(Native Method)
	at sun.reflect.NativeConstructorAccessorImpl.newInstance(NativeConstructorAccessorImpl.java:62)
	at sun.reflect.DelegatingConstructorAccessorImpl.newInstance(DelegatingConstructorAccessorImpl.java:45)
	at java.lang.reflect.Constructor.newInstance(Constructor.java:423)
	at org.openqa.selenium.remote.W3CHandshakeResponse.lambda$errorHandler$0(W3CHandshakeResponse.java:62)
	at org.openqa.selenium.remote.HandshakeResponse.lambda$getResponseFunction$0(HandshakeResponse.java:30)
	at org.openqa.selenium.remote.ProtocolHandshake.lambda$createSession$0(ProtocolHandshake.java:126)
	at java.util.stream.ReferencePipeline$3$1.accept(ReferencePipeline.java:193)
	at java.util.Spliterators$ArraySpliterator.tryAdvance(Spliterators.java:958)
	at java.util.stream.ReferencePipeline.forEachWithCancel(ReferencePipeline.java:126)
	at java.util.stream.AbstractPipeline.copyIntoWithCancel(AbstractPipeline.java:498)
	at java.util.stream.AbstractPipeline.copyInto(AbstractPipeline.java:485)
	at java.util.stream.AbstractPipeline.wrapAndCopyInto(AbstractPipeline.java:471)
	at java.util.stream.FindOps$FindOp.evaluateSequential(FindOps.java:152)
	at java.util.stream.AbstractPipeline.evaluate(AbstractPipeline.java:234)
	at java.util.stream.ReferencePipeline.findFirst(ReferencePipeline.java:464)
	at org.openqa.selenium.remote.ProtocolHandshake.createSession(ProtocolHandshake.java:128)
	at org.openqa.selenium.remote.ProtocolHandshake.createSession(ProtocolHandshake.java:74)
	at org.openqa.selenium.remote.HttpCommandExecutor.execute(HttpCommandExecutor.java:136)
	at org.openqa.selenium.remote.service.DriverCommandExecutor.execute(DriverCommandExecutor.java:83)
	at org.openqa.selenium.remote.RemoteWebDriver.execute(RemoteWebDriver.java:552)
	at org.openqa.selenium.remote.RemoteWebDriver.startSession(RemoteWebDriver.java:213)
	at org.openqa.selenium.remote.RemoteWebDriver.<init>(RemoteWebDriver.java:131)
	at org.openqa.selenium.chrome.ChromeDriver.<init>(ChromeDriver.java:181)
	at org.openqa.selenium.chrome.ChromeDriver.<init>(ChromeDriver.java:168)
	at org.openqa.selenium.chrome.ChromeDriver.<init>(ChromeDriver.java:123)
	at com.sathya.qa.base.BaseClass.intialization(BaseClass.java:31)
	at com.sathya.qa.testcases.ProducttoshippingTest.intial(ProducttoshippingTest.java:35)
	at sun.reflect.NativeMethodAccessorImpl.invoke0(Native Method)
	at sun.reflect.NativeMethodAccessorImpl.invoke(NativeMethodAccessorImpl.java:62)
	at sun.reflect.DelegatingMethodAccessorImpl.invoke(DelegatingMethodAccessorImpl.java:43)
	at java.lang.reflect.Method.invoke(Method.java:498)
	at org.testng.internal.MethodInvocationHelper.invokeMethod(MethodInvocationHelper.java:80)
	at org.testng.internal.Invoker.invokeConfigurationMethod(Invoker.java:564)
	at org.testng.internal.Invoker.invokeConfigurations(Invoker.java:213)
	at org.testng.internal.Invoker.invokeMethod(Invoker.java:653)
	at org.testng.internal.Invoker.invokeTestMethod(Invoker.java:901)
	at org.testng.internal.Invoker.invokeTestMethods(Invoker.java:1231)
	at org.testng.internal.TestMethodWorker.invokeTestMethods(TestMethodWorker.java:127)
	at org.testng.internal.TestMethodWorker.run(TestMethodWorker.java:111)
	at org.testng.TestRunner.privateRun(TestRunner.java:767)
	at org.testng.TestRunner.run(TestRunner.java:617)
	at org.testng.SuiteRunner.runTest(SuiteRunner.java:334)
	at org.testng.SuiteRunner.runSequentially(SuiteRunner.java:329)
	at org.testng.SuiteRunner.privateRun(SuiteRunner.java:291)
	at org.testng.SuiteRunner.run(SuiteRunner.java:240)
	at org.testng.SuiteRunnerWorker.runSuite(SuiteRunnerWorker.java:52)
	at org.testng.SuiteRunnerWorker.run(SuiteRunnerWorker.java:86)
	at org.testng.TestNG.runSuitesSequentially(TestNG.java:1198)
	at org.testng.TestNG.runSuitesLocally(TestNG.java:1123)
	at org.testng.TestNG.run(TestNG.java:1031)
	at org.testng.remote.AbstractRemoteTestNG.run(AbstractRemoteTestNG.java:115)
	at org.testng.remote.RemoteTestNG.initAndRun(RemoteTestNG.java:251)
	at org.testng.remote.RemoteTestNG.main(RemoteTestNG.java:77)
]]>
    </failure>
  </testcase> <!-- producttoship2 -->
</testsuite> <!-- com.sathya.qa.testcases.ProducttoshippingTest -->
